Namespace(PATH_TO_INPUT='/mnt/research/IceCube/Gupta-Reco/22645/tfrecords/', TFRECORDS_FILE_NAME='data_ds_22645_from_1000_to_2000_1st_pulse.tfrecord', GPU_INDEX=0, BATCH_SIZE=1.5, SEED='linefit', STOP_AFTER_N_BATCHES=100000000000, OUTFILE='./result_22645_1000_to_2000', center_track_seed=False, use_multiple_vertex_seeds=True, prescan_time=True, GAUSSIAN_CONV_WIDTHS=[100, 10, 3])

[MEM after network load] Process RSS: 4.35 GB | System: 124.6/811.1 GB (16%)
         GPU 0: in_use 0.00 GB | peak 0.00 GB | limit 112.61 GB

============================================================
Checking total events in dataset...
============================================================
Total events available in dataset: 56525
============================================================


============================================================
Reconstructing batch 0
============================================================
Seed vertex of first event in batch: [ 87.10500406 208.84200403 204.68650963] m
Data shape: (34, 87, 5)
Number of events in batch: 34
  Fitting with Gaussian convolution width: 100 ns
  Fitting with Gaussian convolution width: 10 ns
  Fitting with Gaussian convolution width: 3 ns
  Wrote 34 events (total so far: 34)
Batch 0 completed in 23.33s
[MEM after network load] Process RSS: 5.01 GB | System: 125.4/811.1 GB (16%)
         GPU 0: in_use 0.00 GB | peak 17.63 GB | limit 112.61 GB

============================================================
Reconstructing batch 1
============================================================
Seed vertex of first event in batch: [ 109.06595869 -292.11703266  -51.84800214] m
Data shape: (26, 126, 5)
Number of events in batch: 26
  Fitting with Gaussian convolution width: 100 ns
  Fitting with Gaussian convolution width: 10 ns
  Fitting with Gaussian convolution width: 3 ns
  Wrote 26 events (total so far: 60)
Batch 1 completed in 23.70s
[MEM after network load] Process RSS: 5.22 GB | System: 127.2/811.1 GB (17%)
         GPU 0: in_use 0.00 GB | peak 19.53 GB | limit 112.61 GB

============================================================
Reconstructing batch 2
============================================================
Seed vertex of first event in batch: [121.77957025 -95.3322931  273.89604489] m
Data shape: (20, 184, 5)
Number of events in batch: 20
  Fitting with Gaussian convolution width: 100 ns
  Fitting with Gaussian convolution width: 10 ns
  Fitting with Gaussian convolution width: 3 ns
  Wrote 20 events (total so far: 80)
Batch 2 completed in 23.54s
[MEM after network load] Process RSS: 5.41 GB | System: 127.3/811.1 GB (17%)
         GPU 0: in_use 0.00 GB | peak 20.37 GB | limit 112.61 GB

============================================================
Reconstructing batch 3
============================================================
Seed vertex of first event in batch: [-533.87047954  -40.80822607   55.15569127] m
Data shape: (45, 60, 5)
Number of events in batch: 45
  Fitting with Gaussian convolution width: 100 ns
  Fitting with Gaussian convolution width: 10 ns
  Fitting with Gaussian convolution width: 3 ns
  Wrote 45 events (total so far: 125)
Batch 3 completed in 21.85s
[MEM after network load] Process RSS: 5.60 GB | System: 127.4/811.1 GB (17%)
         GPU 0: in_use 0.00 GB | peak 20.37 GB | limit 112.61 GB

============================================================
Reconstructing batch 4
============================================================
Seed vertex of first event in batch: [291.81449449  57.04597606 150.71797291] m
Data shape: (59, 41, 5)
Number of events in batch: 59
  Fitting with Gaussian convolution width: 100 ns
  Fitting with Gaussian convolution width: 10 ns
  Fitting with Gaussian convolution width: 3 ns
  Wrote 59 events (total so far: 184)
Batch 4 completed in 21.56s
[MEM after network load] Process RSS: 5.79 GB | System: 125.9/811.1 GB (17%)
         GPU 0: in_use 0.00 GB | peak 20.37 GB | limit 112.61 GB

============================================================
Reconstructing batch 5
============================================================
Seed vertex of first event in batch: [390.52078069 -10.78912388  94.13525052] m
Data shape: (20, 184, 5)
Number of events in batch: 20
  Fitting with Gaussian convolution width: 100 ns
  Fitting with Gaussian convolution width: 10 ns
  Fitting with Gaussian convolution width: 3 ns
  Wrote 20 events (total so far: 204)
Batch 5 completed in 5.32s
[MEM after network load] Process RSS: 5.79 GB | System: 125.8/811.1 GB (17%)
         GPU 0: in_use 0.00 GB | peak 20.37 GB | limit 112.61 GB

============================================================
Reconstructing batch 6
============================================================
Seed vertex of first event in batch: [  68.13466699 -261.01312561 -329.04964979] m
Data shape: (26, 126, 5)
Number of events in batch: 26
  Fitting with Gaussian convolution width: 100 ns
  Fitting with Gaussian convolution width: 10 ns
  Fitting with Gaussian convolution width: 3 ns
  Wrote 26 events (total so far: 230)
Batch 6 completed in 4.75s
[MEM after network load] Process RSS: 5.79 GB | System: 128.1/811.1 GB (17%)
         GPU 0: in_use 0.00 GB | peak 20.37 GB | limit 112.61 GB

============================================================
Reconstructing batch 7
============================================================
Seed vertex of first event in batch: [ 128.96691393 -424.11392248   35.78922364] m
Data shape: (34, 87, 5)
Number of events in batch: 34
  Fitting with Gaussian convolution width: 100 ns
  Fitting with Gaussian convolution width: 10 ns
  Fitting with Gaussian convolution width: 3 ns
  Wrote 34 events (total so far: 264)
Batch 7 completed in 4.69s
[MEM after network load] Process RSS: 5.79 GB | System: 127.4/811.1 GB (17%)
         GPU 0: in_use 0.00 GB | peak 20.37 GB | limit 112.61 GB

============================================================
Reconstructing batch 8
============================================================
Seed vertex of first event in batch: [-327.23770468   17.14685696 -229.71780356] m
Data shape: (15, 266, 5)
Number of events in batch: 15
  Fitting with Gaussian convolution width: 100 ns
  Fitting with Gaussian convolution width: 10 ns
  Fitting with Gaussian convolution width: 3 ns
  Wrote 15 events (total so far: 279)
Batch 8 completed in 26.84s
[MEM after network load] Process RSS: 5.99 GB | System: 125.1/811.1 GB (16%)
         GPU 0: in_use 0.00 GB | peak 22.09 GB | limit 112.61 GB

============================================================
Reconstructing batch 9
============================================================
Seed vertex of first event in batch: [209.48207577 203.96793638  48.68531113] m
Data shape: (12, 386, 5)
Number of events in batch: 12
  Fitting with Gaussian convolution width: 100 ns
  Fitting with Gaussian convolution width: 10 ns
  Fitting with Gaussian convolution width: 3 ns
  Wrote 12 events (total so far: 291)
Batch 9 completed in 27.21s
[MEM after network load] Process RSS: 6.17 GB | System: 125.9/811.1 GB (17%)
         GPU 0: in_use 0.00 GB | peak 27.61 GB | limit 112.61 GB

============================================================
Reconstructing batch 10
============================================================
Seed vertex of first event in batch: [-228.79580779 -421.63815859 -326.78798781] m
Data shape: (45, 60, 5)
Number of events in batch: 45
  Fitting with Gaussian convolution width: 100 ns
  Fitting with Gaussian convolution width: 10 ns
  Fitting with Gaussian convolution width: 3 ns
  Wrote 45 events (total so far: 336)
Batch 10 completed in 6.29s
[MEM after network load] Process RSS: 6.17 GB | System: 125.9/811.1 GB (17%)
         GPU 0: in_use 0.00 GB | peak 27.61 GB | limit 112.61 GB

============================================================
Reconstructing batch 11
============================================================
Seed vertex of first event in batch: [ 400.75279489  203.33419196 -257.765579  ] m
Data shape: (34, 87, 5)
Number of events in batch: 34
  Fitting with Gaussian convolution width: 100 ns
  Fitting with Gaussian convolution width: 10 ns
  Fitting with Gaussian convolution width: 3 ns
  Wrote 34 events (total so far: 370)
Batch 11 completed in 4.15s
[MEM after network load] Process RSS: 6.17 GB | System: 125.5/811.1 GB (16%)
         GPU 0: in_use 0.00 GB | peak 27.61 GB | limit 112.61 GB

============================================================
Reconstructing batch 12
============================================================
Seed vertex of first event in batch: [  38.4981909  -362.49394937 -475.37652493] m
Data shape: (20, 184, 5)
Number of events in batch: 20
  Fitting with Gaussian convolution width: 100 ns
  Fitting with Gaussian convolution width: 10 ns
  Fitting with Gaussian convolution width: 3 ns
  Wrote 20 events (total so far: 390)
Batch 12 completed in 4.98s
[MEM after network load] Process RSS: 6.17 GB | System: 126.0/811.1 GB (17%)
         GPU 0: in_use 0.00 GB | peak 27.61 GB | limit 112.61 GB

============================================================
Reconstructing batch 13
============================================================
Seed vertex of first event in batch: [ 233.57179874 -379.64345174 -329.26330143] m
Data shape: (26, 126, 5)
Number of events in batch: 26
  Fitting with Gaussian convolution width: 100 ns
  Fitting with Gaussian convolution width: 10 ns
  Fitting with Gaussian convolution width: 3 ns
  Wrote 26 events (total so far: 416)
Batch 13 completed in 4.45s
[MEM after network load] Process RSS: 6.17 GB | System: 126.2/811.1 GB (17%)
         GPU 0: in_use 0.00 GB | peak 27.61 GB | limit 112.61 GB

============================================================
Reconstructing batch 14
============================================================
Seed vertex of first event in batch: [-321.67231287 -434.79272344  392.12046043] m
Data shape: (59, 41, 5)
Number of events in batch: 59
  Fitting with Gaussian convolution width: 100 ns
  Fitting with Gaussian convolution width: 10 ns
  Fitting with Gaussian convolution width: 3 ns
  Wrote 59 events (total so far: 475)
Batch 14 completed in 5.60s
[MEM after network load] Process RSS: 6.17 GB | System: 125.8/811.1 GB (17%)
         GPU 0: in_use 0.00 GB | peak 27.61 GB | limit 112.61 GB

============================================================
Reconstructing batch 15
============================================================
Seed vertex of first event in batch: [  49.85982816  210.75985356 -333.83479536] m
Data shape: (45, 60, 5)
Number of events in batch: 45
  Fitting with Gaussian convolution width: 100 ns
  Fitting with Gaussian convolution width: 10 ns
  Fitting with Gaussian convolution width: 3 ns
  Wrote 45 events (total so far: 520)
Batch 15 completed in 5.69s
[MEM after network load] Process RSS: 6.17 GB | System: 126.9/811.1 GB (17%)
         GPU 0: in_use 0.00 GB | peak 27.61 GB | limit 112.61 GB

============================================================
Reconstructing batch 16
============================================================
Seed vertex of first event in batch: [-368.62503652 -292.78493151 -214.83153673] m
Data shape: (15, 266, 5)
Number of events in batch: 15
  Fitting with Gaussian convolution width: 100 ns
  Fitting with Gaussian convolution width: 10 ns
  Fitting with Gaussian convolution width: 3 ns
  Wrote 15 events (total so far: 535)
Batch 16 completed in 7.51s
[MEM after network load] Process RSS: 6.17 GB | System: 127.7/811.1 GB (17%)
         GPU 0: in_use 0.00 GB | peak 27.61 GB | limit 112.61 GB

============================================================
Reconstructing batch 17
============================================================
Seed vertex of first event in batch: [-133.77141785 -497.3696197  -411.91203587] m
Data shape: (76, 28, 5)
Number of events in batch: 76
  Fitting with Gaussian convolution width: 100 ns
  Fitting with Gaussian convolution width: 10 ns
  Fitting with Gaussian convolution width: 3 ns
  Wrote 76 events (total so far: 611)
Batch 17 completed in 23.51s
[MEM after network load] Process RSS: 6.36 GB | System: 127.9/811.1 GB (17%)
         GPU 0: in_use 0.00 GB | peak 27.61 GB | limit 112.61 GB

============================================================
Reconstructing batch 18
============================================================
Seed vertex of first event in batch: [-496.98741119   40.90339474   17.17677333] m
Data shape: (34, 87, 5)
Number of events in batch: 34
  Fitting with Gaussian convolution width: 100 ns
  Fitting with Gaussian convolution width: 10 ns
  Fitting with Gaussian convolution width: 3 ns
  Wrote 34 events (total so far: 645)
Batch 18 completed in 4.22s
[MEM after network load] Process RSS: 6.36 GB | System: 127.9/811.1 GB (17%)
         GPU 0: in_use 0.00 GB | peak 27.61 GB | limit 112.61 GB

============================================================
Reconstructing batch 19
============================================================
Seed vertex of first event in batch: [ 101.16098507  106.21840524 -395.7611638 ] m
Data shape: (20, 184, 5)
Number of events in batch: 20
  Fitting with Gaussian convolution width: 100 ns
  Fitting with Gaussian convolution width: 10 ns
  Fitting with Gaussian convolution width: 3 ns
  Wrote 20 events (total so far: 665)
Batch 19 completed in 6.74s
[MEM after network load] Process RSS: 6.36 GB | System: 128.5/811.1 GB (17%)
         GPU 0: in_use 0.00 GB | peak 27.61 GB | limit 112.61 GB

============================================================
Reconstructing batch 20
============================================================
Seed vertex of first event in batch: [ -76.28052055  -55.89302816 -331.67083669] m
Data shape: (12, 386, 5)
Number of events in batch: 12
  Fitting with Gaussian convolution width: 100 ns
  Fitting with Gaussian convolution width: 10 ns
  Fitting with Gaussian convolution width: 3 ns
  Wrote 12 events (total so far: 677)
Batch 20 completed in 5.95s
[MEM after network load] Process RSS: 6.36 GB | System: 129.1/811.1 GB (17%)
         GPU 0: in_use 0.00 GB | peak 27.61 GB | limit 112.61 GB

============================================================
Reconstructing batch 21
============================================================
Seed vertex of first event in batch: [-251.96354723  166.52831143 -252.08015761] m
Data shape: (26, 126, 5)
Number of events in batch: 26
  Fitting with Gaussian convolution width: 100 ns
  Fitting with Gaussian convolution width: 10 ns
  Fitting with Gaussian convolution width: 3 ns
  Wrote 26 events (total so far: 703)
Batch 21 completed in 4.73s
[MEM after network load] Process RSS: 6.36 GB | System: 129.1/811.1 GB (17%)
         GPU 0: in_use 0.00 GB | peak 27.61 GB | limit 112.61 GB

============================================================
Reconstructing batch 22
============================================================
Seed vertex of first event in batch: [ 273.61506895 -185.42987704   57.65854567] m
Data shape: (45, 60, 5)
Number of events in batch: 45
  Fitting with Gaussian convolution width: 100 ns
  Fitting with Gaussian convolution width: 10 ns
  Fitting with Gaussian convolution width: 3 ns
  Wrote 45 events (total so far: 748)
Batch 22 completed in 4.52s
[MEM after network load] Process RSS: 6.36 GB | System: 129.2/811.1 GB (17%)
         GPU 0: in_use 0.00 GB | peak 27.61 GB | limit 112.61 GB

============================================================
Reconstructing batch 23
============================================================
Seed vertex of first event in batch: [-244.4628963   -23.25733392   44.68768627] m
Data shape: (20, 184, 5)
Number of events in batch: 20
  Fitting with Gaussian convolution width: 100 ns
  Fitting with Gaussian convolution width: 10 ns
  Fitting with Gaussian convolution width: 3 ns
  Wrote 20 events (total so far: 768)
Batch 23 completed in 4.91s
[MEM after network load] Process RSS: 6.36 GB | System: 129.1/811.1 GB (17%)
         GPU 0: in_use 0.00 GB | peak 27.61 GB | limit 112.61 GB

============================================================
Reconstructing batch 24
============================================================
Seed vertex of first event in batch: [ 223.74705292  162.98476228 -263.74826665] m
Data shape: (15, 266, 5)
Number of events in batch: 15
  Fitting with Gaussian convolution width: 100 ns
  Fitting with Gaussian convolution width: 10 ns
  Fitting with Gaussian convolution width: 3 ns
  Wrote 15 events (total so far: 783)
Batch 24 completed in 5.59s
[MEM after network load] Process RSS: 6.36 GB | System: 129.4/811.1 GB (17%)
         GPU 0: in_use 0.00 GB | peak 27.61 GB | limit 112.61 GB

============================================================
Reconstructing batch 25
============================================================
Seed vertex of first event in batch: [314.50849786 157.20378424  57.64623757] m
Data shape: (34, 87, 5)
Number of events in batch: 34
  Fitting with Gaussian convolution width: 100 ns
  Fitting with Gaussian convolution width: 10 ns
  Fitting with Gaussian convolution width: 3 ns
  Wrote 34 events (total so far: 817)
Batch 25 completed in 5.64s
[MEM after network load] Process RSS: 6.36 GB | System: 130.0/811.1 GB (17%)
         GPU 0: in_use 0.00 GB | peak 27.61 GB | limit 112.61 GB

============================================================
Reconstructing batch 26
============================================================
Seed vertex of first event in batch: [ 156.318087     87.1896685  -263.49262593] m
Data shape: (26, 126, 5)
Number of events in batch: 26
  Fitting with Gaussian convolution width: 100 ns
  Fitting with Gaussian convolution width: 10 ns
  Fitting with Gaussian convolution width: 3 ns
  Wrote 26 events (total so far: 843)
Batch 26 completed in 4.50s
[MEM after network load] Process RSS: 6.36 GB | System: 130.1/811.1 GB (17%)
         GPU 0: in_use 0.00 GB | peak 27.61 GB | limit 112.61 GB

============================================================
Reconstructing batch 27
============================================================
Seed vertex of first event in batch: [ -97.84234219 -368.205435    260.6958276 ] m
Data shape: (59, 41, 5)
Number of events in batch: 59
  Fitting with Gaussian convolution width: 100 ns
  Fitting with Gaussian convolution width: 10 ns
  Fitting with Gaussian convolution width: 3 ns
  Wrote 59 events (total so far: 902)
Batch 27 completed in 5.59s
[MEM after network load] Process RSS: 6.36 GB | System: 130.1/811.1 GB (17%)
         GPU 0: in_use 0.00 GB | peak 27.61 GB | limit 112.61 GB

============================================================
Reconstructing batch 28
============================================================
Seed vertex of first event in batch: [-447.32766982   88.02899839 -437.14703511] m
Data shape: (20, 184, 5)
Number of events in batch: 20
  Fitting with Gaussian convolution width: 100 ns
  Fitting with Gaussian convolution width: 10 ns
  Fitting with Gaussian convolution width: 3 ns
  Wrote 20 events (total so far: 922)
Batch 28 completed in 5.03s
[MEM after network load] Process RSS: 6.36 GB | System: 129.8/811.1 GB (17%)
         GPU 0: in_use 0.00 GB | peak 27.61 GB | limit 112.61 GB

============================================================
Reconstructing batch 29
============================================================
Seed vertex of first event in batch: [-67.19454157 439.80623297 -32.01095243] m
Data shape: (34, 87, 5)
Number of events in batch: 34
  Fitting with Gaussian convolution width: 100 ns
  Fitting with Gaussian convolution width: 10 ns
  Fitting with Gaussian convolution width: 3 ns
  Wrote 34 events (total so far: 956)
Batch 29 completed in 5.59s
[MEM after network load] Process RSS: 6.36 GB | System: 129.8/811.1 GB (17%)
         GPU 0: in_use 0.00 GB | peak 27.61 GB | limit 112.61 GB

============================================================
Reconstructing batch 30
============================================================
Seed vertex of first event in batch: [ 465.01830146  190.06015801 -380.89914283] m
Data shape: (45, 60, 5)
Number of events in batch: 45
  Fitting with Gaussian convolution width: 100 ns
  Fitting with Gaussian convolution width: 10 ns
  Fitting with Gaussian convolution width: 3 ns
  Wrote 45 events (total so far: 1001)
Batch 30 completed in 4.24s
[MEM after network load] Process RSS: 6.36 GB | System: 130.0/811.1 GB (17%)
         GPU 0: in_use 0.00 GB | peak 27.61 GB | limit 112.61 GB

============================================================
Reconstructing batch 31
============================================================
Seed vertex of first event in batch: [ 142.24593139 -136.32126952 -165.18635067] m
Data shape: (15, 266, 5)
Number of events in batch: 15
  Fitting with Gaussian convolution width: 100 ns
  Fitting with Gaussian convolution width: 10 ns
  Fitting with Gaussian convolution width: 3 ns
  Wrote 15 events (total so far: 1016)
Batch 31 completed in 5.31s
[MEM after network load] Process RSS: 6.36 GB | System: 129.9/811.1 GB (17%)
         GPU 0: in_use 0.00 GB | peak 27.61 GB | limit 112.61 GB

============================================================
Reconstructing batch 32
============================================================
Seed vertex of first event in batch: [-151.37634186   82.52193316   87.41533771] m
Data shape: (59, 41, 5)
Number of events in batch: 59
  Fitting with Gaussian convolution width: 100 ns
  Fitting with Gaussian convolution width: 10 ns
  Fitting with Gaussian convolution width: 3 ns
  Wrote 59 events (total so far: 1075)
Batch 32 completed in 5.74s
[MEM after network load] Process RSS: 6.36 GB | System: 129.9/811.1 GB (17%)
         GPU 0: in_use 0.00 GB | peak 27.61 GB | limit 112.61 GB

============================================================
Reconstructing batch 33
============================================================
Seed vertex of first event in batch: [ 320.47014374 -335.03873889 -316.89368933] m
Data shape: (12, 386, 5)
Number of events in batch: 12
  Fitting with Gaussian convolution width: 100 ns
  Fitting with Gaussian convolution width: 10 ns
  Fitting with Gaussian convolution width: 3 ns
  Wrote 12 events (total so far: 1087)
Batch 33 completed in 6.11s
[MEM after network load] Process RSS: 6.36 GB | System: 128.9/811.1 GB (17%)
         GPU 0: in_use 0.00 GB | peak 27.61 GB | limit 112.61 GB

============================================================
Reconstructing batch 34
============================================================
Seed vertex of first event in batch: [-181.13998486   74.34535087   74.92005754] m
Data shape: (26, 126, 5)
Number of events in batch: 26
  Fitting with Gaussian convolution width: 100 ns
  Fitting with Gaussian convolution width: 10 ns
  Fitting with Gaussian convolution width: 3 ns
  Wrote 26 events (total so far: 1113)
Batch 34 completed in 4.57s
[MEM after network load] Process RSS: 6.36 GB | System: 128.8/811.1 GB (17%)
         GPU 0: in_use 0.00 GB | peak 27.61 GB | limit 112.61 GB

============================================================
Reconstructing batch 35
============================================================
Seed vertex of first event in batch: [ 164.75842293  -18.88581146 -236.96482429] m
Data shape: (20, 184, 5)
Number of events in batch: 20
  Fitting with Gaussian convolution width: 100 ns
  Fitting with Gaussian convolution width: 10 ns
  Fitting with Gaussian convolution width: 3 ns
  Wrote 20 events (total so far: 1133)
Batch 35 completed in 4.76s
[MEM after network load] Process RSS: 6.36 GB | System: 128.9/811.1 GB (17%)
         GPU 0: in_use 0.00 GB | peak 27.61 GB | limit 112.61 GB

============================================================
Reconstructing batch 36
============================================================
Seed vertex of first event in batch: [ 106.64063169 -330.49913109   11.16575656] m
Data shape: (34, 87, 5)
Number of events in batch: 34
  Fitting with Gaussian convolution width: 100 ns
  Fitting with Gaussian convolution width: 10 ns
  Fitting with Gaussian convolution width: 3 ns
  Wrote 34 events (total so far: 1167)
Batch 36 completed in 4.70s
[MEM after network load] Process RSS: 6.36 GB | System: 128.9/811.1 GB (17%)
         GPU 0: in_use 0.00 GB | peak 27.61 GB | limit 112.61 GB

============================================================
Reconstructing batch 37
