Running reconstruction for events in file: /mnt/research/IceCube/Gupta-Reco/22644/tfrecords/ftr/meta_ds_22644_from_1000_to_2000_10_to_100TeV.ftr
Writing results to reco-logs/iterative-event_summary-terminal-smallbatch.csv
Running reconstruction for event id: 0
Neutrino energy: 6143.8 TeV
Muon Energy in Detector: 7.848999956704226 TeV
Total charge in event: 632.475000590086
shifting seed vertex.

Starting fit with Gaussian convolution width: 100 ns
Initial fit: logl 2445.001

Starting fit with Gaussian convolution width: 10 ns
 fit: logl 2319.032
logl 2319.032 previous 2319.032

Starting fit with Gaussian convolution width: 3 ns
 fit: logl 2320.148
logl 2320.148 previous 2320.148
Reconstructed vs True Angular Distance error 0.37 deg
SplineMPE vs True Angular Distance error 0.41 deg
Time elapsed: 17.37s
--------------------------------------------------
Running reconstruction for event id: 1
Neutrino energy: 43774.9 TeV
Muon Energy in Detector: 2.7914501256644724 TeV
Total charge in event: 56.95000022649765
shifting seed vertex.

Starting fit with Gaussian convolution width: 100 ns
Initial fit: logl 558.472

Starting fit with Gaussian convolution width: 10 ns
 fit: logl 535.045
logl 535.045 previous 535.045

Starting fit with Gaussian convolution width: 3 ns
 fit: logl 531.019
logl 531.019 previous 531.019
Reconstructed vs True Angular Distance error 1.24 deg
SplineMPE vs True Angular Distance error 1.23 deg
Time elapsed: 15.05s
--------------------------------------------------
Running reconstruction for event id: 2
Neutrino energy: 6818.0 TeV
Muon Energy in Detector: 3.527589982845602 TeV
Total charge in event: 99.04999953508377
shifting seed vertex.

Starting fit with Gaussian convolution width: 100 ns
Initial fit: logl 560.801

Starting fit with Gaussian convolution width: 10 ns
 fit: logl 514.847
logl 514.847 previous 514.847

Starting fit with Gaussian convolution width: 3 ns
 fit: logl 515.613
logl 515.613 previous 515.613
Reconstructed vs True Angular Distance error 0.43 deg
SplineMPE vs True Angular Distance error 1.05 deg
Time elapsed: 14.63s
--------------------------------------------------
Running reconstruction for event id: 3
Neutrino energy: 1365.2 TeV
Muon Energy in Detector: 4.181757247093439 TeV
Total charge in event: 275.04999984800816
shifting seed vertex.

Starting fit with Gaussian convolution width: 100 ns
Initial fit: logl 780.989

Starting fit with Gaussian convolution width: 10 ns
 fit: logl 690.086
logl 690.086 previous 690.086

Starting fit with Gaussian convolution width: 3 ns
 fit: logl 676.604
logl 676.604 previous 676.604
Reconstructed vs True Angular Distance error 0.09 deg
SplineMPE vs True Angular Distance error 0.04 deg
Time elapsed: 15.97s
--------------------------------------------------
Running reconstruction for event id: 4
Neutrino energy: 4911.1 TeV
Muon Energy in Detector: 9.372807963603874 TeV
Total charge in event: 298.32500249147415
shifting seed vertex.

Starting fit with Gaussian convolution width: 100 ns
Initial fit: logl 755.047

Starting fit with Gaussian convolution width: 10 ns
 fit: logl 680.258
logl 680.258 previous 680.258

Starting fit with Gaussian convolution width: 3 ns
 fit: logl 669.709
logl 669.709 previous 669.709
Reconstructed vs True Angular Distance error 0.12 deg
SplineMPE vs True Angular Distance error 0.17 deg
Time elapsed: 16.19s
--------------------------------------------------
Running reconstruction for event id: 5
Neutrino energy: 11473.7 TeV
Muon Energy in Detector: 1.0754278835412334 TeV
Total charge in event: 37.549999713897705
shifting seed vertex.

Starting fit with Gaussian convolution width: 100 ns
Initial fit: logl 224.355

Starting fit with Gaussian convolution width: 10 ns
 fit: logl 198.720
logl 198.720 previous 198.720

Starting fit with Gaussian convolution width: 3 ns
 fit: logl 195.019
logl 195.019 previous 195.019
Reconstructed vs True Angular Distance error 0.51 deg
SplineMPE vs True Angular Distance error 0.82 deg
Time elapsed: 15.88s
--------------------------------------------------
Running reconstruction for event id: 6
Neutrino energy: 46075.3 TeV
Muon Energy in Detector: 9.601381086011301 TeV
Total charge in event: 174.650000333786
shifting seed vertex.

Starting fit with Gaussian convolution width: 100 ns
Initial fit: logl 817.061

Starting fit with Gaussian convolution width: 10 ns
 fit: logl 772.974
logl 772.974 previous 772.974

Starting fit with Gaussian convolution width: 3 ns
 fit: logl 764.582
logl 764.582 previous 764.582
Reconstructed vs True Angular Distance error 0.64 deg
SplineMPE vs True Angular Distance error 0.56 deg
Time elapsed: 14.85s
--------------------------------------------------
Running reconstruction for event id: 7
Neutrino energy: 1622.0 TeV
Muon Energy in Detector: 1.7704330030977726 TeV
Total charge in event: 113.42500023543835
shifting seed vertex.

Starting fit with Gaussian convolution width: 100 ns
Initial fit: logl 777.118

Starting fit with Gaussian convolution width: 10 ns
 fit: logl 729.029
logl 729.029 previous 729.029

Starting fit with Gaussian convolution width: 3 ns
 fit: logl 726.325
logl 726.325 previous 726.325
Reconstructed vs True Angular Distance error 0.31 deg
SplineMPE vs True Angular Distance error 0.27 deg
Time elapsed: 14.64s
--------------------------------------------------
Running reconstruction for event id: 8
Neutrino energy: 64071.6 TeV
Muon Energy in Detector: 2.2940494127207565 TeV
Total charge in event: 73.10000002384186
shifting seed vertex.

Starting fit with Gaussian convolution width: 100 ns
Initial fit: logl 783.302

Starting fit with Gaussian convolution width: 10 ns
 fit: logl 745.187
logl 745.187 previous 745.187

Starting fit with Gaussian convolution width: 3 ns
 fit: logl 739.355
logl 739.355 previous 739.355
Reconstructed vs True Angular Distance error 0.46 deg
SplineMPE vs True Angular Distance error 0.62 deg
Time elapsed: 14.08s
--------------------------------------------------
Running reconstruction for event id: 9
Neutrino energy: 2230.5 TeV
Muon Energy in Detector: 4.618790418851546 TeV
Total charge in event: 120.77500051259995
shifting seed vertex.

Starting fit with Gaussian convolution width: 100 ns
Initial fit: logl 766.199

Starting fit with Gaussian convolution width: 10 ns
 fit: logl 704.952
logl 704.952 previous 704.952

Starting fit with Gaussian convolution width: 3 ns
 fit: logl 699.953
logl 699.953 previous 699.953
Reconstructed vs True Angular Distance error 0.17 deg
SplineMPE vs True Angular Distance error 0.19 deg
Time elapsed: 15.14s
--------------------------------------------------
Running reconstruction for event id: 10
Neutrino energy: 77897.6 TeV
Muon Energy in Detector: 5.406026257038117 TeV
Total charge in event: 178.20000040531158
shifting seed vertex.

Starting fit with Gaussian convolution width: 100 ns
Initial fit: logl 1308.217

Starting fit with Gaussian convolution width: 10 ns
 fit: logl 1270.239
logl 1270.239 previous 1270.239

Starting fit with Gaussian convolution width: 3 ns
 fit: logl 1267.534
logl 1267.534 previous 1267.534
Reconstructed vs True Angular Distance error 0.67 deg
SplineMPE vs True Angular Distance error 0.60 deg
Time elapsed: 14.32s
--------------------------------------------------
Running reconstruction for event id: 11
Neutrino energy: 2265.1 TeV
Muon Energy in Detector: 9.809616472429735 TeV
Total charge in event: 106.24999982118607
shifting seed vertex.

Starting fit with Gaussian convolution width: 100 ns
Initial fit: logl 855.477

Starting fit with Gaussian convolution width: 10 ns
 fit: logl 805.430
logl 805.430 previous 805.430

Starting fit with Gaussian convolution width: 3 ns
 fit: logl 800.312
logl 800.312 previous 800.312
Reconstructed vs True Angular Distance error 0.42 deg
SplineMPE vs True Angular Distance error 0.09 deg
Time elapsed: 15.69s
--------------------------------------------------
Running reconstruction for event id: 12
Neutrino energy: 9992.1 TeV
Muon Energy in Detector: 9.936103440138512 TeV
Total charge in event: 269.575000166893
shifting seed vertex.

Starting fit with Gaussian convolution width: 100 ns
Initial fit: logl 491.157

Starting fit with Gaussian convolution width: 10 ns
 fit: logl 464.441
logl 464.441 previous 464.441

Starting fit with Gaussian convolution width: 3 ns
 fit: logl 457.022
logl 457.022 previous 457.022
Reconstructed vs True Angular Distance error 2.02 deg
SplineMPE vs True Angular Distance error 2.80 deg
Time elapsed: 16.20s
--------------------------------------------------
Running reconstruction for event id: 13
Neutrino energy: 1944.9 TeV
Muon Energy in Detector: 5.371502804203424 TeV
Total charge in event: 292.2249997705221
shifting seed vertex.

Starting fit with Gaussian convolution width: 100 ns
Initial fit: logl 1176.718

Starting fit with Gaussian convolution width: 10 ns
 fit: logl 1119.508
logl 1119.508 previous 1119.508

Starting fit with Gaussian convolution width: 3 ns
 fit: logl 1109.627
logl 1109.627 previous 1109.627
Reconstructed vs True Angular Distance error 0.51 deg
SplineMPE vs True Angular Distance error 0.42 deg
Time elapsed: 14.18s
--------------------------------------------------
Running reconstruction for event id: 14
Neutrino energy: 45039.6 TeV
Muon Energy in Detector: 3.5454793514378835 TeV
Total charge in event: 56.4749998152256
shifting seed vertex.

Starting fit with Gaussian convolution width: 100 ns
Initial fit: logl 492.941

Starting fit with Gaussian convolution width: 10 ns
 fit: logl 493.886
logl 493.886 previous 493.886

Starting fit with Gaussian convolution width: 3 ns
 fit: logl 495.039
logl 495.039 previous 495.039
Reconstructed vs True Angular Distance error 0.46 deg
SplineMPE vs True Angular Distance error 0.14 deg
Time elapsed: 13.76s
--------------------------------------------------
Running reconstruction for event id: 15
Neutrino energy: 1054.8 TeV
Muon Energy in Detector: 2.2295000945496395 TeV
Total charge in event: 76.94999994337559
shifting seed vertex.

Starting fit with Gaussian convolution width: 100 ns
Initial fit: logl 373.526

Starting fit with Gaussian convolution width: 10 ns
 fit: logl 326.043
logl 326.043 previous 326.043

Starting fit with Gaussian convolution width: 3 ns
 fit: logl 315.579
logl 315.579 previous 315.579
Reconstructed vs True Angular Distance error 0.54 deg
SplineMPE vs True Angular Distance error 8.38 deg
Time elapsed: 16.41s
--------------------------------------------------
Running reconstruction for event id: 16
Neutrino energy: 1681.9 TeV
Muon Energy in Detector: 3.6746150209845507 TeV
Total charge in event: 28.52500006556511
shifting seed vertex.

Starting fit with Gaussian convolution width: 100 ns
Initial fit: logl 304.326

Starting fit with Gaussian convolution width: 10 ns
 fit: logl 288.995
logl 288.995 previous 288.995

Starting fit with Gaussian convolution width: 3 ns
 fit: logl 286.148
logl 286.148 previous 286.148
Reconstructed vs True Angular Distance error 7.29 deg
SplineMPE vs True Angular Distance error 5.26 deg
Time elapsed: 13.51s
--------------------------------------------------
Running reconstruction for event id: 17
Neutrino energy: 30754.8 TeV
Muon Energy in Detector: 3.8444092408530413 TeV
Total charge in event: 95.32500000298023
shifting seed vertex.

Starting fit with Gaussian convolution width: 100 ns
Initial fit: logl 980.998

Starting fit with Gaussian convolution width: 10 ns
 fit: logl 941.374
logl 941.374 previous 941.374

Starting fit with Gaussian convolution width: 3 ns
 fit: logl 936.371
logl 936.371 previous 936.371
Reconstructed vs True Angular Distance error 0.05 deg
SplineMPE vs True Angular Distance error 0.15 deg
Time elapsed: 17.07s
--------------------------------------------------
Running reconstruction for event id: 18
Neutrino energy: 1125.0 TeV
Muon Energy in Detector: 9.02800281461116 TeV
Total charge in event: 63.04999998211861
shifting seed vertex.

Starting fit with Gaussian convolution width: 100 ns
Initial fit: logl 526.131

Starting fit with Gaussian convolution width: 10 ns
 fit: logl 493.472
logl 493.472 previous 493.472

Starting fit with Gaussian convolution width: 3 ns
 fit: logl 490.275
logl 490.275 previous 490.275
Reconstructed vs True Angular Distance error 0.07 deg
SplineMPE vs True Angular Distance error 0.03 deg
Time elapsed: 14.40s
--------------------------------------------------
Running reconstruction for event id: 19
Neutrino energy: 18340.4 TeV
Muon Energy in Detector: 5.521809639905579 TeV
Total charge in event: 44.84999991953373
shifting seed vertex.

Starting fit with Gaussian convolution width: 100 ns
Initial fit: logl 285.777

Starting fit with Gaussian convolution width: 10 ns
 fit: logl 253.642
logl 253.642 previous 253.642

Starting fit with Gaussian convolution width: 3 ns
 fit: logl 247.648
logl 247.648 previous 247.648
Reconstructed vs True Angular Distance error 0.88 deg
SplineMPE vs True Angular Distance error 0.90 deg
Time elapsed: 13.67s
--------------------------------------------------
Running reconstruction for event id: 20
Neutrino energy: 39011.7 TeV
Muon Energy in Detector: 1.528670557057485 TeV
Total charge in event: 51.00000011920929
shifting seed vertex.

Starting fit with Gaussian convolution width: 100 ns
Initial fit: logl 477.475

Starting fit with Gaussian convolution width: 10 ns
 fit: logl 453.841
logl 453.841 previous 453.841

Starting fit with Gaussian convolution width: 3 ns
 fit: logl 445.619
logl 445.619 previous 445.619
Reconstructed vs True Angular Distance error 0.46 deg
SplineMPE vs True Angular Distance error 0.71 deg
Time elapsed: 17.46s
--------------------------------------------------
Running reconstruction for event id: 21
Neutrino energy: 55728.6 TeV
Muon Energy in Detector: 6.450368130493444 TeV
Total charge in event: 56.32500034570694
shifting seed vertex.

Starting fit with Gaussian convolution width: 100 ns
Initial fit: logl 430.031

Starting fit with Gaussian convolution width: 10 ns
 fit: logl 400.329
logl 400.329 previous 400.329

Starting fit with Gaussian convolution width: 3 ns
 fit: logl 397.201
logl 397.201 previous 397.201
Reconstructed vs True Angular Distance error 0.51 deg
SplineMPE vs True Angular Distance error 0.65 deg
Time elapsed: 14.01s
--------------------------------------------------
Running reconstruction for event id: 22
Neutrino energy: 4881.8 TeV
Muon Energy in Detector: 3.3784089209248775 TeV
Total charge in event: 66.34999978542328
shifting seed vertex.

Starting fit with Gaussian convolution width: 100 ns
Initial fit: logl 680.228

Starting fit with Gaussian convolution width: 10 ns
 fit: logl 645.204
logl 645.204 previous 645.204

Starting fit with Gaussian convolution width: 3 ns
 fit: logl 641.481
logl 641.481 previous 641.481
Reconstructed vs True Angular Distance error 0.14 deg
SplineMPE vs True Angular Distance error 0.24 deg
Time elapsed: 14.18s
--------------------------------------------------
Running reconstruction for event id: 23
Neutrino energy: 1380.9 TeV
Muon Energy in Detector: 2.990651304379571 TeV
Total charge in event: 79.22500039637089
shifting seed vertex.

Starting fit with Gaussian convolution width: 100 ns
Initial fit: logl 519.343

Starting fit with Gaussian convolution width: 10 ns
 fit: logl 507.842
logl 507.842 previous 507.842

Starting fit with Gaussian convolution width: 3 ns
 fit: logl 500.874
logl 500.874 previous 500.874
Reconstructed vs True Angular Distance error 1.04 deg
SplineMPE vs True Angular Distance error 1.01 deg
Time elapsed: 17.92s
--------------------------------------------------
Running reconstruction for event id: 24
Neutrino energy: 6540.2 TeV
Muon Energy in Detector: 9.473722071300493 TeV
Total charge in event: 281.32500049471855
shifting seed vertex.

Starting fit with Gaussian convolution width: 100 ns
Initial fit: logl 1522.196

Starting fit with Gaussian convolution width: 10 ns
 fit: logl 1465.304
logl 1465.304 previous 1465.304

Starting fit with Gaussian convolution width: 3 ns
 fit: logl 1456.368
logl 1456.368 previous 1456.368
Reconstructed vs True Angular Distance error 0.35 deg
SplineMPE vs True Angular Distance error 0.25 deg
Time elapsed: 15.04s
--------------------------------------------------
Running reconstruction for event id: 25
Neutrino energy: 2618.9 TeV
Muon Energy in Detector: 1.6404391303570156 TeV
Total charge in event: 102.52500082552433
shifting seed vertex.

Starting fit with Gaussian convolution width: 100 ns
Initial fit: logl 754.815

Starting fit with Gaussian convolution width: 10 ns
 fit: logl 689.405
logl 689.405 previous 689.405

Starting fit with Gaussian convolution width: 3 ns
 fit: logl 675.191
logl 675.191 previous 675.191
Reconstructed vs True Angular Distance error 0.05 deg
SplineMPE vs True Angular Distance error 0.17 deg
Time elapsed: 13.92s
--------------------------------------------------
Running reconstruction for event id: 26
Neutrino energy: 2464.7 TeV
Muon Energy in Detector: 3.80280441105715 TeV
Total charge in event: 32.77500009536743
shifting seed vertex.

Starting fit with Gaussian convolution width: 100 ns
Initial fit: logl 352.944

Starting fit with Gaussian convolution width: 10 ns
 fit: logl 318.405
logl 318.405 previous 318.405

Starting fit with Gaussian convolution width: 3 ns
 fit: logl 313.509
logl 313.509 previous 313.509
Reconstructed vs True Angular Distance error 0.28 deg
SplineMPE vs True Angular Distance error 0.26 deg
Time elapsed: 13.90s
--------------------------------------------------
Running reconstruction for event id: 27
Neutrino energy: 2073.3 TeV
Muon Energy in Detector: 2.3806610954119822 TeV
Total charge in event: 174.89999897778034
shifting seed vertex.

Starting fit with Gaussian convolution width: 100 ns
Initial fit: logl 362.586

Starting fit with Gaussian convolution width: 10 ns
 fit: logl 333.032
logl 333.032 previous 333.032

Starting fit with Gaussian convolution width: 3 ns
 fit: logl 322.820
logl 322.820 previous 322.820
Reconstructed vs True Angular Distance error 0.75 deg
SplineMPE vs True Angular Distance error 1.01 deg
Time elapsed: 18.82s
--------------------------------------------------
Running reconstruction for event id: 28
Neutrino energy: 2775.7 TeV
Muon Energy in Detector: 7.177954104125184 TeV
Total charge in event: 486.82499362528324
shifting seed vertex.

Starting fit with Gaussian convolution width: 100 ns
Initial fit: logl 1194.501

Starting fit with Gaussian convolution width: 10 ns
 fit: logl 1118.171
logl 1118.171 previous 1118.171

Starting fit with Gaussian convolution width: 3 ns
 fit: logl 1106.369
logl 1106.369 previous 1106.369
Reconstructed vs True Angular Distance error 0.23 deg
SplineMPE vs True Angular Distance error 0.36 deg
Time elapsed: 15.45s
--------------------------------------------------
Running reconstruction for event id: 29
Neutrino energy: 2029.7 TeV
Muon Energy in Detector: 5.913296791231958 TeV
Total charge in event: 21.574999779462814
shifting seed vertex.

Starting fit with Gaussian convolution width: 100 ns
Initial fit: logl 204.291

Starting fit with Gaussian convolution width: 10 ns
 fit: logl 177.580
logl 177.580 previous 177.580

Starting fit with Gaussian convolution width: 3 ns
 fit: logl 171.738
logl 171.738 previous 171.738
Reconstructed vs True Angular Distance error 1.20 deg
SplineMPE vs True Angular Distance error 0.86 deg
Time elapsed: 13.90s
--------------------------------------------------
Running reconstruction for event id: 30
Neutrino energy: 6831.7 TeV
Muon Energy in Detector: 1.7991531689641997 TeV
Total charge in event: 27.200000017881393
shifting seed vertex.

Starting fit with Gaussian convolution width: 100 ns
Initial fit: logl 298.671

Starting fit with Gaussian convolution width: 10 ns
 fit: logl 281.752
logl 281.752 previous 281.752

Starting fit with Gaussian convolution width: 3 ns
 fit: logl 282.100
logl 282.100 previous 282.100
Reconstructed vs True Angular Distance error 0.83 deg
SplineMPE vs True Angular Distance error 1.26 deg
Time elapsed: 13.63s
--------------------------------------------------
Running reconstruction for event id: 31
Neutrino energy: 3818.5 TeV
Muon Energy in Detector: 5.328779032902152 TeV
Total charge in event: 21.275000020861626
shifting seed vertex.

Starting fit with Gaussian convolution width: 100 ns
Initial fit: logl 242.828

Starting fit with Gaussian convolution width: 10 ns
 fit: logl 228.253
logl 228.253 previous 228.253

Starting fit with Gaussian convolution width: 3 ns
 fit: logl 223.938
logl 223.938 previous 223.938
Reconstructed vs True Angular Distance error 3.78 deg
SplineMPE vs True Angular Distance error 3.77 deg
Time elapsed: 19.25s
--------------------------------------------------
Running reconstruction for event id: 32
Neutrino energy: 29538.4 TeV
Muon Energy in Detector: 2.536391407214454 TeV
Total charge in event: 245.47499978542328
shifting seed vertex.

Starting fit with Gaussian convolution width: 100 ns
Initial fit: logl 912.117

Starting fit with Gaussian convolution width: 10 ns
 fit: logl 846.008
logl 846.008 previous 846.008

Starting fit with Gaussian convolution width: 3 ns
 fit: logl 837.479
logl 837.479 previous 837.479
Reconstructed vs True Angular Distance error 0.26 deg
SplineMPE vs True Angular Distance error 0.29 deg
Time elapsed: 14.00s
--------------------------------------------------
Running reconstruction for event id: 33
Neutrino energy: 2399.0 TeV
Muon Energy in Detector: 2.494325408375487 TeV
Total charge in event: 81.74999928474426
shifting seed vertex.

Starting fit with Gaussian convolution width: 100 ns
Initial fit: logl 484.918

Starting fit with Gaussian convolution width: 10 ns
 fit: logl 461.276
logl 461.276 previous 461.276

Starting fit with Gaussian convolution width: 3 ns
 fit: logl 455.357
logl 455.357 previous 455.357
Reconstructed vs True Angular Distance error 0.93 deg
SplineMPE vs True Angular Distance error 1.01 deg
Time elapsed: 13.91s
--------------------------------------------------
Running reconstruction for event id: 34
Neutrino energy: 16840.3 TeV
Muon Energy in Detector: 4.011788227598588 TeV
Total charge in event: 85.47500009834766
shifting seed vertex.

Starting fit with Gaussian convolution width: 100 ns
Initial fit: logl 398.095

Starting fit with Gaussian convolution width: 10 ns
 fit: logl 362.160
logl 362.160 previous 362.160

Starting fit with Gaussian convolution width: 3 ns
 fit: logl 354.457
logl 354.457 previous 354.457
Reconstructed vs True Angular Distance error 2.06 deg
SplineMPE vs True Angular Distance error 1.99 deg
Time elapsed: 13.56s
--------------------------------------------------
Running reconstruction for event id: 35
Neutrino energy: 16655.4 TeV
Muon Energy in Detector: 3.1797126227287436 TeV
Total charge in event: 179.20000065863132
shifting seed vertex.

Starting fit with Gaussian convolution width: 100 ns
Initial fit: logl 602.126

Starting fit with Gaussian convolution width: 10 ns
 fit: logl 570.915
logl 570.915 previous 570.915

Starting fit with Gaussian convolution width: 3 ns
 fit: logl 561.337
logl 561.337 previous 561.337
Reconstructed vs True Angular Distance error 0.67 deg
SplineMPE vs True Angular Distance error 0.82 deg
Time elapsed: 20.00s
--------------------------------------------------
Running reconstruction for event id: 36
Neutrino energy: 1509.9 TeV
Muon Energy in Detector: 3.3487787223020278 TeV
Total charge in event: 188.07500056922436
shifting seed vertex.

Starting fit with Gaussian convolution width: 100 ns
Initial fit: logl 857.395

Starting fit with Gaussian convolution width: 10 ns
 fit: logl 786.112
logl 786.112 previous 786.112

Starting fit with Gaussian convolution width: 3 ns
 fit: logl 775.555
logl 775.555 previous 775.555
Reconstructed vs True Angular Distance error 0.13 deg
SplineMPE vs True Angular Distance error 0.25 deg
Time elapsed: 14.16s
--------------------------------------------------
Running reconstruction for event id: 37
Neutrino energy: 1495.2 TeV
Muon Energy in Detector: 1.2238679340579548 TeV
Total charge in event: 85.75000010430813
shifting seed vertex.

Starting fit with Gaussian convolution width: 100 ns
Initial fit: logl 420.426

Starting fit with Gaussian convolution width: 10 ns
 fit: logl 372.278
logl 372.278 previous 372.278

Starting fit with Gaussian convolution width: 3 ns
 fit: logl 356.814
logl 356.814 previous 356.814
Reconstructed vs True Angular Distance error 0.52 deg
SplineMPE vs True Angular Distance error 5.12 deg
Time elapsed: 13.55s
--------------------------------------------------
Running reconstruction for event id: 38
Neutrino energy: 93499.8 TeV
Muon Energy in Detector: 7.700499143421533 TeV
Total charge in event: 80.42499984800816
shifting seed vertex.

Starting fit with Gaussian convolution width: 100 ns
Initial fit: logl 391.888

Starting fit with Gaussian convolution width: 10 ns
 fit: logl 368.848
logl 368.848 previous 368.848

Starting fit with Gaussian convolution width: 3 ns
 fit: logl 367.779
logl 367.779 previous 367.779
Reconstructed vs True Angular Distance error 3.85 deg
SplineMPE vs True Angular Distance error 1.99 deg
Time elapsed: 13.96s
--------------------------------------------------
Running reconstruction for event id: 39
Neutrino energy: 1191.3 TeV
Muon Energy in Detector: 5.8432029340056495 TeV
Total charge in event: 362.22499860823154
shifting seed vertex.

Starting fit with Gaussian convolution width: 100 ns
Initial fit: logl 1730.714

Starting fit with Gaussian convolution width: 10 ns
 fit: logl 1608.997
logl 1608.997 previous 1608.997

Starting fit with Gaussian convolution width: 3 ns
 fit: logl 1597.126
logl 1597.126 previous 1597.126
Reconstructed vs True Angular Distance error 0.11 deg
SplineMPE vs True Angular Distance error 0.14 deg
Time elapsed: 15.21s
--------------------------------------------------
Running reconstruction for event id: 40
Neutrino energy: 10888.0 TeV
Muon Energy in Detector: 2.6262304386720063 TeV
Total charge in event: 138.07499986886978
shifting seed vertex.

Starting fit with Gaussian convolution width: 100 ns
Initial fit: logl 849.178

Starting fit with Gaussian convolution width: 10 ns
 fit: logl 804.142
logl 804.142 previous 804.142

Starting fit with Gaussian convolution width: 3 ns
 fit: logl 798.148
logl 798.148 previous 798.148
Reconstructed vs True Angular Distance error 0.11 deg
SplineMPE vs True Angular Distance error 0.28 deg
Time elapsed: 20.63s
--------------------------------------------------
Running reconstruction for event id: 41
Neutrino energy: 26045.3 TeV
Muon Energy in Detector: 7.003028544689063 TeV
Total charge in event: 327.7749996483326
shifting seed vertex.

Starting fit with Gaussian convolution width: 100 ns
Initial fit: logl 1630.358

Starting fit with Gaussian convolution width: 10 ns
 fit: logl 1555.818
logl 1555.818 previous 1555.818

Starting fit with Gaussian convolution width: 3 ns
 fit: logl 1551.484
logl 1551.484 previous 1551.484
Reconstructed vs True Angular Distance error 0.08 deg
SplineMPE vs True Angular Distance error 0.08 deg
Time elapsed: 15.11s
--------------------------------------------------
Running reconstruction for event id: 42
Neutrino energy: 4759.0 TeV
Muon Energy in Detector: 3.6978542277372264 TeV
Total charge in event: 489.24999925494194
shifting seed vertex.

Starting fit with Gaussian convolution width: 100 ns
Initial fit: logl 1077.394

Starting fit with Gaussian convolution width: 10 ns
 fit: logl 1092.607
logl 1092.607 previous 1092.607

Starting fit with Gaussian convolution width: 3 ns
 fit: logl 1091.755
logl 1091.755 previous 1091.755
Reconstructed vs True Angular Distance error 0.36 deg
SplineMPE vs True Angular Distance error 0.35 deg
Time elapsed: 14.58s
--------------------------------------------------
Running reconstruction for event id: 43
Neutrino energy: 45682.3 TeV
Muon Energy in Detector: 9.929287951371924 TeV
Total charge in event: 141.22499999403954
shifting seed vertex.

Starting fit with Gaussian convolution width: 100 ns
Initial fit: logl 623.902

Starting fit with Gaussian convolution width: 10 ns
 fit: logl 567.838
logl 567.838 previous 567.838

Starting fit with Gaussian convolution width: 3 ns
 fit: logl 556.370
logl 556.370 previous 556.370
Reconstructed vs True Angular Distance error 0.30 deg
SplineMPE vs True Angular Distance error 0.49 deg
Time elapsed: 14.60s
--------------------------------------------------
Running reconstruction for event id: 44
Neutrino energy: 6630.5 TeV
Muon Energy in Detector: 7.949373434745066 TeV
Total charge in event: 130.57500049471855
shifting seed vertex.

Starting fit with Gaussian convolution width: 100 ns
Initial fit: logl 317.598

Starting fit with Gaussian convolution width: 10 ns
 fit: logl 288.691
logl 288.691 previous 288.691

Starting fit with Gaussian convolution width: 3 ns
 fit: logl 285.619
logl 285.619 previous 285.619
Reconstructed vs True Angular Distance error 4.59 deg
SplineMPE vs True Angular Distance error 4.39 deg
Time elapsed: 14.07s
--------------------------------------------------
Running reconstruction for event id: 45
Neutrino energy: 89742.7 TeV
Muon Energy in Detector: 5.665460404325277 TeV
Total charge in event: 75.02500054240227
shifting seed vertex.

Starting fit with Gaussian convolution width: 100 ns
Initial fit: logl 605.933

Starting fit with Gaussian convolution width: 10 ns
 fit: logl 572.654
logl 572.654 previous 572.654

Starting fit with Gaussian convolution width: 3 ns
 fit: logl 565.717
logl 565.717 previous 565.717
Reconstructed vs True Angular Distance error 0.51 deg
SplineMPE vs True Angular Distance error 2.11 deg
Time elapsed: 15.22s
--------------------------------------------------
Running reconstruction for event id: 46
Neutrino energy: 1177.6 TeV
Muon Energy in Detector: 1.1350246487128024 TeV
Total charge in event: 30.599999964237213
shifting seed vertex.

Starting fit with Gaussian convolution width: 100 ns
Initial fit: logl 340.378

Starting fit with Gaussian convolution width: 10 ns
 fit: logl 320.656
logl 320.656 previous 320.656

Starting fit with Gaussian convolution width: 3 ns
 fit: logl 315.327
logl 315.327 previous 315.327
Reconstructed vs True Angular Distance error 0.27 deg
SplineMPE vs True Angular Distance error 0.39 deg
Time elapsed: 21.21s
--------------------------------------------------
Running reconstruction for event id: 47
Neutrino energy: 1010.8 TeV
Muon Energy in Detector: 7.097521062926389 TeV
Total charge in event: 1043.800001680851
shifting seed vertex.

Starting fit with Gaussian convolution width: 100 ns
Initial fit: logl 2059.934

Starting fit with Gaussian convolution width: 10 ns
 fit: logl 2024.345
logl 2024.345 previous 2024.345

Starting fit with Gaussian convolution width: 3 ns
 fit: logl 2019.368
logl 2019.368 previous 2019.368
Reconstructed vs True Angular Distance error 1.31 deg
SplineMPE vs True Angular Distance error 1.39 deg
Time elapsed: 15.58s
--------------------------------------------------
Running reconstruction for event id: 48
Neutrino energy: 81485.5 TeV
Muon Energy in Detector: 4.529329136580229 TeV
Total charge in event: 46.1500001847744
shifting seed vertex.

Starting fit with Gaussian convolution width: 100 ns
Initial fit: logl 272.857

Starting fit with Gaussian convolution width: 10 ns
 fit: logl 228.309
logl 228.309 previous 228.309

Starting fit with Gaussian convolution width: 3 ns
 fit: logl 214.346
logl 214.346 previous 214.346
Reconstructed vs True Angular Distance error 0.13 deg
SplineMPE vs True Angular Distance error 0.11 deg
Time elapsed: 13.83s
--------------------------------------------------
Running reconstruction for event id: 49
Neutrino energy: 3188.2 TeV
Muon Energy in Detector: 9.599412196964735 TeV
Total charge in event: 139.7499994188547
shifting seed vertex.

Starting fit with Gaussian convolution width: 100 ns
Initial fit: logl 775.310

Starting fit with Gaussian convolution width: 10 ns
 fit: logl 748.559
logl 748.559 previous 748.559

Starting fit with Gaussian convolution width: 3 ns
 fit: logl 744.692
logl 744.692 previous 744.692
Reconstructed vs True Angular Distance error 1.47 deg
SplineMPE vs True Angular Distance error 2.44 deg
Time elapsed: 14.17s
--------------------------------------------------
Running reconstruction for event id: 50
Neutrino energy: 3161.5 TeV
Muon Energy in Detector: 6.206114121184219 TeV
Total charge in event: 141.60000130534172
shifting seed vertex.

Starting fit with Gaussian convolution width: 100 ns
Initial fit: logl 947.194

Starting fit with Gaussian convolution width: 10 ns
 fit: logl 904.963
logl 904.963 previous 904.963

Starting fit with Gaussian convolution width: 3 ns
 fit: logl 898.070
logl 898.070 previous 898.070
Reconstructed vs True Angular Distance error 0.51 deg
SplineMPE vs True Angular Distance error 0.63 deg
Time elapsed: 13.98s
--------------------------------------------------
Running reconstruction for event id: 51
Neutrino energy: 7318.9 TeV
Muon Energy in Detector: 3.1518214554772714 TeV
Total charge in event: 56.425000101327896
shifting seed vertex.

Starting fit with Gaussian convolution width: 100 ns
Initial fit: logl 558.756

Starting fit with Gaussian convolution width: 10 ns
 fit: logl 520.029
logl 520.029 previous 520.029

Starting fit with Gaussian convolution width: 3 ns
 fit: logl 510.812
logl 510.812 previous 510.812
Reconstructed vs True Angular Distance error 0.26 deg
SplineMPE vs True Angular Distance error 0.25 deg
Time elapsed: 14.39s
--------------------------------------------------
Running reconstruction for event id: 52
Neutrino energy: 2337.8 TeV
Muon Energy in Detector: 1.6461325912329485 TeV
Total charge in event: 141.0250001847744
shifting seed vertex.

Starting fit with Gaussian convolution width: 100 ns
Initial fit: logl 859.846

Starting fit with Gaussian convolution width: 10 ns
 fit: logl 781.668
logl 781.668 previous 781.668

Starting fit with Gaussian convolution width: 3 ns
 fit: logl 767.229
logl 767.229 previous 767.229
Reconstructed vs True Angular Distance error 0.15 deg
SplineMPE vs True Angular Distance error 0.29 deg
Time elapsed: 13.97s
--------------------------------------------------
Running reconstruction for event id: 53
Neutrino energy: 16472.7 TeV
Muon Energy in Detector: 8.320847639585729 TeV
Total charge in event: 662.5500017851591
shifting seed vertex.

Starting fit with Gaussian convolution width: 100 ns
Initial fit: logl 2227.932

Starting fit with Gaussian convolution width: 10 ns
 fit: logl 2194.695
logl 2194.695 previous 2194.695

Starting fit with Gaussian convolution width: 3 ns
 fit: logl 2194.509
logl 2194.509 previous 2194.509
Reconstructed vs True Angular Distance error 0.21 deg
SplineMPE vs True Angular Distance error 0.33 deg
Time elapsed: 25.50s
--------------------------------------------------
Running reconstruction for event id: 54
Neutrino energy: 2134.8 TeV
Muon Energy in Detector: 7.244926864700857 TeV
Total charge in event: 184.74999950826168
shifting seed vertex.

Starting fit with Gaussian convolution width: 100 ns
Initial fit: logl 946.016

Starting fit with Gaussian convolution width: 10 ns
 fit: logl 876.786
logl 876.786 previous 876.786

Starting fit with Gaussian convolution width: 3 ns
 fit: logl 863.828
logl 863.828 previous 863.828
Reconstructed vs True Angular Distance error 0.07 deg
SplineMPE vs True Angular Distance error 0.08 deg
Time elapsed: 14.30s
--------------------------------------------------
Running reconstruction for event id: 55
Neutrino energy: 1829.4 TeV
Muon Energy in Detector: 1.3662150583339971 TeV
Total charge in event: 54.350000232458115
shifting seed vertex.

Starting fit with Gaussian convolution width: 100 ns
Initial fit: logl 546.362

Starting fit with Gaussian convolution width: 10 ns
 fit: logl 513.153
logl 513.153 previous 513.153

Starting fit with Gaussian convolution width: 3 ns
 fit: logl 508.653
logl 508.653 previous 508.653
Reconstructed vs True Angular Distance error 0.25 deg
SplineMPE vs True Angular Distance error 0.35 deg
Time elapsed: 14.21s
--------------------------------------------------
Running reconstruction for event id: 56
Neutrino energy: 5107.1 TeV
Muon Energy in Detector: 8.969808464286325 TeV
Total charge in event: 53.42499980330467
shifting seed vertex.

Starting fit with Gaussian convolution width: 100 ns
Initial fit: logl 505.948

Starting fit with Gaussian convolution width: 10 ns
 fit: logl 487.448
logl 487.448 previous 487.448

Starting fit with Gaussian convolution width: 3 ns
 fit: logl 484.444
logl 484.444 previous 484.444
Reconstructed vs True Angular Distance error 2.35 deg
SplineMPE vs True Angular Distance error 2.36 deg
Time elapsed: 14.56s
--------------------------------------------------
Running reconstruction for event id: 57
Neutrino energy: 1728.7 TeV
Muon Energy in Detector: 3.9286548724968453 TeV
Total charge in event: 52.475000113248825
shifting seed vertex.

Starting fit with Gaussian convolution width: 100 ns
Initial fit: logl 426.619

Starting fit with Gaussian convolution width: 10 ns
 fit: logl 399.492
logl 399.492 previous 399.492

Starting fit with Gaussian convolution width: 3 ns
 fit: logl 398.306
logl 398.306 previous 398.306
Reconstructed vs True Angular Distance error 0.54 deg
SplineMPE vs True Angular Distance error 0.42 deg
Time elapsed: 13.51s
--------------------------------------------------
Running reconstruction for event id: 58
Neutrino energy: 7316.4 TeV
Muon Energy in Detector: 7.495839432970155 TeV
Total charge in event: 72.92500007152557
shifting seed vertex.

Starting fit with Gaussian convolution width: 100 ns
Initial fit: logl 508.644

Starting fit with Gaussian convolution width: 10 ns
 fit: logl 481.568
logl 481.568 previous 481.568

Starting fit with Gaussian convolution width: 3 ns
 fit: logl 477.553
logl 477.553 previous 477.553
Reconstructed vs True Angular Distance error 0.19 deg
SplineMPE vs True Angular Distance error 0.22 deg
Time elapsed: 13.98s
--------------------------------------------------
Running reconstruction for event id: 59
Neutrino energy: 21852.4 TeV
Muon Energy in Detector: 9.658243608533638 TeV
Total charge in event: 252.7750002592802
shifting seed vertex.

Starting fit with Gaussian convolution width: 100 ns
Initial fit: logl 823.940

Starting fit with Gaussian convolution width: 10 ns
 fit: logl 789.847
logl 789.847 previous 789.847

Starting fit with Gaussian convolution width: 3 ns
 fit: logl 775.743
logl 775.743 previous 775.743
Reconstructed vs True Angular Distance error 1.95 deg
SplineMPE vs True Angular Distance error 2.17 deg
Time elapsed: 13.57s
--------------------------------------------------
Running reconstruction for event id: 60
Neutrino energy: 14418.1 TeV
Muon Energy in Detector: 4.1524234072566175 TeV
Total charge in event: 62.32500018179417
shifting seed vertex.

Starting fit with Gaussian convolution width: 100 ns
Initial fit: logl 417.775

Starting fit with Gaussian convolution width: 10 ns
 fit: logl 375.721
logl 375.721 previous 375.721

Starting fit with Gaussian convolution width: 3 ns
 fit: logl 366.090
logl 366.090 previous 366.090
Reconstructed vs True Angular Distance error 4.90 deg
SplineMPE vs True Angular Distance error 15.97 deg
Time elapsed: 13.34s
--------------------------------------------------
Running reconstruction for event id: 61
Neutrino energy: 3571.4 TeV
Muon Energy in Detector: 7.3710413745694385 TeV
Total charge in event: 114.12500044703484
shifting seed vertex.

Starting fit with Gaussian convolution width: 100 ns
Initial fit: logl 690.694

Starting fit with Gaussian convolution width: 10 ns
 fit: logl 657.400
logl 657.400 previous 657.400

Starting fit with Gaussian convolution width: 3 ns
 fit: logl 654.726
logl 654.726 previous 654.726
Reconstructed vs True Angular Distance error 0.43 deg
SplineMPE vs True Angular Distance error 0.43 deg
Time elapsed: 22.59s
--------------------------------------------------
Running reconstruction for event id: 62
Neutrino energy: 10384.0 TeV
Muon Energy in Detector: 1.6003119174694875 TeV
Total charge in event: 59.400000005960464
shifting seed vertex.

Starting fit with Gaussian convolution width: 100 ns
Initial fit: logl 326.021

Starting fit with Gaussian convolution width: 10 ns
 fit: logl 288.374
logl 288.374 previous 288.374

Starting fit with Gaussian convolution width: 3 ns
 fit: logl 282.403
logl 282.403 previous 282.403
Reconstructed vs True Angular Distance error 12.01 deg
SplineMPE vs True Angular Distance error 11.89 deg
Time elapsed: 13.58s
--------------------------------------------------
Running reconstruction for event id: 63
Neutrino energy: 37637.4 TeV
Muon Energy in Detector: 3.1760816544007975 TeV
Total charge in event: 93.54999995231628
shifting seed vertex.

Starting fit with Gaussian convolution width: 100 ns
Initial fit: logl 423.591

Starting fit with Gaussian convolution width: 10 ns
 fit: logl 395.363
logl 395.363 previous 395.363

Starting fit with Gaussian convolution width: 3 ns
 fit: logl 392.117
logl 392.117 previous 392.117
Reconstructed vs True Angular Distance error 0.80 deg
SplineMPE vs True Angular Distance error 0.48 deg
Time elapsed: 13.57s
--------------------------------------------------
Running reconstruction for event id: 64
Neutrino energy: 1392.1 TeV
Muon Energy in Detector: 1.0812653037228155 TeV
Total charge in event: 55.32500034570694
shifting seed vertex.

Starting fit with Gaussian convolution width: 100 ns
Initial fit: logl 269.656

Starting fit with Gaussian convolution width: 10 ns
 fit: logl 243.734
logl 243.734 previous 243.734

Starting fit with Gaussian convolution width: 3 ns
 fit: logl 239.228
logl 239.228 previous 239.228
Reconstructed vs True Angular Distance error 0.29 deg
SplineMPE vs True Angular Distance error 0.53 deg
Time elapsed: 13.26s
--------------------------------------------------
Running reconstruction for event id: 65
Neutrino energy: 1761.7 TeV
Muon Energy in Detector: 3.2765029701093447 TeV
Total charge in event: 45.84999996423721
shifting seed vertex.

Starting fit with Gaussian convolution width: 100 ns
Initial fit: logl 562.884

Starting fit with Gaussian convolution width: 10 ns
 fit: logl 541.421
logl 541.421 previous 541.421

Starting fit with Gaussian convolution width: 3 ns
 fit: logl 538.031
logl 538.031 previous 538.031
Reconstructed vs True Angular Distance error 1.19 deg
SplineMPE vs True Angular Distance error 1.85 deg
Time elapsed: 13.51s
--------------------------------------------------
Running reconstruction for event id: 66
Neutrino energy: 2222.6 TeV
Muon Energy in Detector: 7.54887745925691 TeV
Total charge in event: 33.2249998152256
shifting seed vertex.

Starting fit with Gaussian convolution width: 100 ns
Initial fit: logl 210.482

Starting fit with Gaussian convolution width: 10 ns
 fit: logl 177.379
logl 177.379 previous 177.379

Starting fit with Gaussian convolution width: 3 ns
 fit: logl 170.500
logl 170.500 previous 170.500
Reconstructed vs True Angular Distance error 0.32 deg
SplineMPE vs True Angular Distance error 0.56 deg
Time elapsed: 13.89s
--------------------------------------------------
Running reconstruction for event id: 67
Neutrino energy: 1894.7 TeV
Muon Energy in Detector: 1.993879660429322 TeV
Total charge in event: 67.82499997317791
shifting seed vertex.

Starting fit with Gaussian convolution width: 100 ns
Initial fit: logl 508.927

Starting fit with Gaussian convolution width: 10 ns
 fit: logl 478.366
logl 478.366 previous 478.366

Starting fit with Gaussian convolution width: 3 ns
 fit: logl 471.985
logl 471.985 previous 471.985
Reconstructed vs True Angular Distance error 0.84 deg
SplineMPE vs True Angular Distance error 0.83 deg
Time elapsed: 13.63s
--------------------------------------------------
Running reconstruction for event id: 68
Neutrino energy: 38196.0 TeV
Muon Energy in Detector: 7.979710652844311 TeV
Total charge in event: 102.65000022947788
shifting seed vertex.

Starting fit with Gaussian convolution width: 100 ns
Initial fit: logl 837.375

Starting fit with Gaussian convolution width: 10 ns
 fit: logl 794.351
logl 794.351 previous 794.351

Starting fit with Gaussian convolution width: 3 ns
 fit: logl 788.711
logl 788.711 previous 788.711
Reconstructed vs True Angular Distance error 0.21 deg
SplineMPE vs True Angular Distance error 0.24 deg
Time elapsed: 13.32s
--------------------------------------------------
Running reconstruction for event id: 69
Neutrino energy: 4326.2 TeV
Muon Energy in Detector: 2.7688938289982032 TeV
Total charge in event: 70.07500042021275
shifting seed vertex.

Starting fit with Gaussian convolution width: 100 ns
Initial fit: logl 482.411

Starting fit with Gaussian convolution width: 10 ns
 fit: logl 471.011
logl 471.011 previous 471.011

Starting fit with Gaussian convolution width: 3 ns
 fit: logl 469.770
logl 469.770 previous 469.770
Reconstructed vs True Angular Distance error 0.67 deg
SplineMPE vs True Angular Distance error 0.15 deg
Time elapsed: 24.30s
--------------------------------------------------
Running reconstruction for event id: 70
Neutrino energy: 1121.8 TeV
Muon Energy in Detector: 1.7676080284207127 TeV
Total charge in event: 32.97500018775463
shifting seed vertex.

Starting fit with Gaussian convolution width: 100 ns
Initial fit: logl 271.606

Starting fit with Gaussian convolution width: 10 ns
 fit: logl 236.254
logl 236.254 previous 236.254

Starting fit with Gaussian convolution width: 3 ns
 fit: logl 229.249
logl 229.249 previous 229.249
Reconstructed vs True Angular Distance error 0.34 deg
SplineMPE vs True Angular Distance error 1.43 deg
Time elapsed: 13.26s
--------------------------------------------------
