Running reconstruction for events in file: /mnt/research/IceCube/Gupta-Reco/22644/tfrecords/ftr/meta_ds_22644_from_1000_to_2000_10_to_100TeV.ftr
Writing results to reco-logs/iterative-event_summary-terminal-smallbatch.csv
Running reconstruction for event id: 0
Neutrino energy: 6143.8 TeV
Muon Energy in Detector: 7.848999956704226 TeV
Total charge in event: 632.475000590086
shifting seed vertex.

Starting fit with Gaussian convolution width: 100 ns
Initial fit: logl 2444.544

Starting fit with Gaussian convolution width: 10 ns
 fit: logl 2319.029
logl 2319.029 previous 2319.029

Starting fit with Gaussian convolution width: 3 ns
 fit: logl 2320.148
logl 2320.148 previous 2320.148
Reconstructed vs True Angular Distance error 0.37 deg
SplineMPE vs True Angular Distance error 0.41 deg
Time elapsed: 19.24s
--------------------------------------------------
Running reconstruction for event id: 1
Neutrino energy: 43774.9 TeV
Muon Energy in Detector: 2.7914501256644724 TeV
Total charge in event: 56.95000022649765
shifting seed vertex.

Starting fit with Gaussian convolution width: 100 ns
Initial fit: logl 558.507

Starting fit with Gaussian convolution width: 10 ns
 fit: logl 535.056
logl 535.056 previous 535.056

Starting fit with Gaussian convolution width: 3 ns
 fit: logl 531.013
logl 531.013 previous 531.013
Reconstructed vs True Angular Distance error 1.24 deg
SplineMPE vs True Angular Distance error 1.23 deg
Time elapsed: 16.99s
--------------------------------------------------
Running reconstruction for event id: 2
Neutrino energy: 6818.0 TeV
Muon Energy in Detector: 3.527589982845602 TeV
Total charge in event: 99.04999953508377
shifting seed vertex.

Starting fit with Gaussian convolution width: 100 ns
Initial fit: logl 560.947

Starting fit with Gaussian convolution width: 10 ns
 fit: logl 514.851
logl 514.851 previous 514.851

Starting fit with Gaussian convolution width: 3 ns
 fit: logl 515.612
logl 515.612 previous 515.612
Reconstructed vs True Angular Distance error 0.43 deg
SplineMPE vs True Angular Distance error 1.05 deg
Time elapsed: 16.64s
--------------------------------------------------
Running reconstruction for event id: 3
Neutrino energy: 1365.2 TeV
Muon Energy in Detector: 4.181757247093439 TeV
Total charge in event: 275.04999984800816
shifting seed vertex.

Starting fit with Gaussian convolution width: 100 ns
Initial fit: logl 781.039

Starting fit with Gaussian convolution width: 10 ns
 fit: logl 690.089
logl 690.089 previous 690.089

Starting fit with Gaussian convolution width: 3 ns
 fit: logl 676.602
logl 676.602 previous 676.602
Reconstructed vs True Angular Distance error 0.09 deg
SplineMPE vs True Angular Distance error 0.04 deg
Time elapsed: 17.73s
--------------------------------------------------
Running reconstruction for event id: 4
Neutrino energy: 4911.1 TeV
Muon Energy in Detector: 9.372807963603874 TeV
Total charge in event: 298.32500249147415
shifting seed vertex.

Starting fit with Gaussian convolution width: 100 ns
Initial fit: logl 754.942

Starting fit with Gaussian convolution width: 10 ns
 fit: logl 680.254
logl 680.254 previous 680.254

Starting fit with Gaussian convolution width: 3 ns
 fit: logl 669.696
logl 669.696 previous 669.696
Reconstructed vs True Angular Distance error 0.12 deg
SplineMPE vs True Angular Distance error 0.17 deg
Time elapsed: 17.17s
--------------------------------------------------
Running reconstruction for event id: 5
Neutrino energy: 11473.7 TeV
Muon Energy in Detector: 1.0754278835412334 TeV
Total charge in event: 37.549999713897705
shifting seed vertex.

Starting fit with Gaussian convolution width: 100 ns
Initial fit: logl 224.412

Starting fit with Gaussian convolution width: 10 ns
 fit: logl 198.728
logl 198.728 previous 198.728

Starting fit with Gaussian convolution width: 3 ns
 fit: logl 195.024
logl 195.024 previous 195.024
Reconstructed vs True Angular Distance error 2.03 deg
SplineMPE vs True Angular Distance error 0.82 deg
Time elapsed: 17.03s
--------------------------------------------------
Running reconstruction for event id: 6
Neutrino energy: 46075.3 TeV
Muon Energy in Detector: 9.601381086011301 TeV
Total charge in event: 174.650000333786
shifting seed vertex.

Starting fit with Gaussian convolution width: 100 ns
Initial fit: logl 817.189

Starting fit with Gaussian convolution width: 10 ns
 fit: logl 772.976
logl 772.976 previous 772.976

Starting fit with Gaussian convolution width: 3 ns
 fit: logl 764.581
logl 764.581 previous 764.581
Reconstructed vs True Angular Distance error 0.64 deg
SplineMPE vs True Angular Distance error 0.56 deg
Time elapsed: 17.19s
--------------------------------------------------
Running reconstruction for event id: 7
Neutrino energy: 1622.0 TeV
Muon Energy in Detector: 1.7704330030977726 TeV
Total charge in event: 113.42500023543835
shifting seed vertex.

Starting fit with Gaussian convolution width: 100 ns
Initial fit: logl 777.193

Starting fit with Gaussian convolution width: 10 ns
 fit: logl 729.028
logl 729.028 previous 729.028

Starting fit with Gaussian convolution width: 3 ns
 fit: logl 726.325
logl 726.325 previous 726.325
Reconstructed vs True Angular Distance error 0.31 deg
SplineMPE vs True Angular Distance error 0.27 deg
Time elapsed: 16.04s
--------------------------------------------------
Running reconstruction for event id: 8
Neutrino energy: 64071.6 TeV
Muon Energy in Detector: 2.2940494127207565 TeV
Total charge in event: 73.10000002384186
shifting seed vertex.

Starting fit with Gaussian convolution width: 100 ns
Initial fit: logl 783.290

Starting fit with Gaussian convolution width: 10 ns
 fit: logl 745.186
logl 745.186 previous 745.186

Starting fit with Gaussian convolution width: 3 ns
 fit: logl 739.354
logl 739.354 previous 739.354
Reconstructed vs True Angular Distance error 0.46 deg
SplineMPE vs True Angular Distance error 0.62 deg
Time elapsed: 17.97s
--------------------------------------------------
Running reconstruction for event id: 9
Neutrino energy: 2230.5 TeV
Muon Energy in Detector: 4.618790418851546 TeV
Total charge in event: 120.77500051259995
shifting seed vertex.

Starting fit with Gaussian convolution width: 100 ns
Initial fit: logl 765.969

Starting fit with Gaussian convolution width: 10 ns
 fit: logl 704.959
logl 704.959 previous 704.959

Starting fit with Gaussian convolution width: 3 ns
 fit: logl 699.956
logl 699.956 previous 699.956
Reconstructed vs True Angular Distance error 0.17 deg
SplineMPE vs True Angular Distance error 0.19 deg
Time elapsed: 17.30s
--------------------------------------------------
Running reconstruction for event id: 10
Neutrino energy: 77897.6 TeV
Muon Energy in Detector: 5.406026257038117 TeV
Total charge in event: 178.20000040531158
shifting seed vertex.

Starting fit with Gaussian convolution width: 100 ns
Initial fit: logl 1308.029

Starting fit with Gaussian convolution width: 10 ns
 fit: logl 1270.237
logl 1270.237 previous 1270.237

Starting fit with Gaussian convolution width: 3 ns
 fit: logl 1267.534
logl 1267.534 previous 1267.534
Reconstructed vs True Angular Distance error 0.67 deg
SplineMPE vs True Angular Distance error 0.60 deg
Time elapsed: 16.71s
--------------------------------------------------
Running reconstruction for event id: 11
Neutrino energy: 2265.1 TeV
Muon Energy in Detector: 9.809616472429735 TeV
Total charge in event: 106.24999982118607
shifting seed vertex.

Starting fit with Gaussian convolution width: 100 ns
Initial fit: logl 855.660

Starting fit with Gaussian convolution width: 10 ns
 fit: logl 805.434
logl 805.434 previous 805.434

Starting fit with Gaussian convolution width: 3 ns
 fit: logl 800.311
logl 800.311 previous 800.311
Reconstructed vs True Angular Distance error 0.42 deg
SplineMPE vs True Angular Distance error 0.09 deg
Time elapsed: 18.61s
--------------------------------------------------
Running reconstruction for event id: 12
Neutrino energy: 9992.1 TeV
Muon Energy in Detector: 9.936103440138512 TeV
Total charge in event: 269.575000166893
shifting seed vertex.

Starting fit with Gaussian convolution width: 100 ns
Initial fit: logl 491.273

Starting fit with Gaussian convolution width: 10 ns
 fit: logl 464.475
logl 464.475 previous 464.475

Starting fit with Gaussian convolution width: 3 ns
 fit: logl 457.014
logl 457.014 previous 457.014
Reconstructed vs True Angular Distance error 2.02 deg
SplineMPE vs True Angular Distance error 2.80 deg
Time elapsed: 16.16s
--------------------------------------------------
Running reconstruction for event id: 13
Neutrino energy: 1944.9 TeV
Muon Energy in Detector: 5.371502804203424 TeV
Total charge in event: 292.2249997705221
shifting seed vertex.

Starting fit with Gaussian convolution width: 100 ns
Initial fit: logl 1176.753

Starting fit with Gaussian convolution width: 10 ns
 fit: logl 1119.506
logl 1119.506 previous 1119.506

Starting fit with Gaussian convolution width: 3 ns
 fit: logl 1109.664
logl 1109.664 previous 1109.664
Reconstructed vs True Angular Distance error 0.51 deg
SplineMPE vs True Angular Distance error 0.42 deg
Time elapsed: 18.35s
--------------------------------------------------
Running reconstruction for event id: 14
Neutrino energy: 45039.6 TeV
Muon Energy in Detector: 3.5454793514378835 TeV
Total charge in event: 56.4749998152256
shifting seed vertex.

Starting fit with Gaussian convolution width: 100 ns
Initial fit: logl 492.938

Starting fit with Gaussian convolution width: 10 ns
 fit: logl 493.885
logl 493.885 previous 493.885

Starting fit with Gaussian convolution width: 3 ns
 fit: logl 495.039
logl 495.039 previous 495.039
Reconstructed vs True Angular Distance error 0.46 deg
SplineMPE vs True Angular Distance error 0.14 deg
Time elapsed: 15.72s
--------------------------------------------------
Running reconstruction for event id: 15
Neutrino energy: 1054.8 TeV
Muon Energy in Detector: 2.2295000945496395 TeV
Total charge in event: 76.94999994337559
shifting seed vertex.

Starting fit with Gaussian convolution width: 100 ns
Initial fit: logl 373.350

Starting fit with Gaussian convolution width: 10 ns
 fit: logl 326.037
logl 326.037 previous 326.037

Starting fit with Gaussian convolution width: 3 ns
 fit: logl 315.584
logl 315.584 previous 315.584
Reconstructed vs True Angular Distance error 0.54 deg
SplineMPE vs True Angular Distance error 8.38 deg
Time elapsed: 18.54s
--------------------------------------------------
Running reconstruction for event id: 16
Neutrino energy: 1681.9 TeV
Muon Energy in Detector: 3.6746150209845507 TeV
Total charge in event: 28.52500006556511
shifting seed vertex.

Starting fit with Gaussian convolution width: 100 ns
Initial fit: logl 304.307

Starting fit with Gaussian convolution width: 10 ns
 fit: logl 288.993
logl 288.993 previous 288.993

Starting fit with Gaussian convolution width: 3 ns
 fit: logl 286.148
logl 286.148 previous 286.148
Reconstructed vs True Angular Distance error 7.29 deg
SplineMPE vs True Angular Distance error 5.26 deg
Time elapsed: 16.71s
--------------------------------------------------
Running reconstruction for event id: 17
Neutrino energy: 30754.8 TeV
Muon Energy in Detector: 3.8444092408530413 TeV
Total charge in event: 95.32500000298023
shifting seed vertex.

Starting fit with Gaussian convolution width: 100 ns
Initial fit: logl 980.989

Starting fit with Gaussian convolution width: 10 ns
 fit: logl 941.367
logl 941.367 previous 941.367

Starting fit with Gaussian convolution width: 3 ns
 fit: logl 936.380
logl 936.380 previous 936.380
Reconstructed vs True Angular Distance error 0.05 deg
SplineMPE vs True Angular Distance error 0.15 deg
Time elapsed: 16.85s
--------------------------------------------------
Running reconstruction for event id: 18
Neutrino energy: 1125.0 TeV
Muon Energy in Detector: 9.02800281461116 TeV
Total charge in event: 63.04999998211861
shifting seed vertex.

Starting fit with Gaussian convolution width: 100 ns
Initial fit: logl 526.079

Starting fit with Gaussian convolution width: 10 ns
 fit: logl 493.472
logl 493.472 previous 493.472

Starting fit with Gaussian convolution width: 3 ns
 fit: logl 490.275
logl 490.275 previous 490.275
Reconstructed vs True Angular Distance error 0.07 deg
SplineMPE vs True Angular Distance error 0.03 deg
Time elapsed: 18.72s
--------------------------------------------------
Running reconstruction for event id: 19
Neutrino energy: 18340.4 TeV
Muon Energy in Detector: 5.521809639905579 TeV
Total charge in event: 44.84999991953373
shifting seed vertex.

Starting fit with Gaussian convolution width: 100 ns
Initial fit: logl 285.884

Starting fit with Gaussian convolution width: 10 ns
 fit: logl 253.641
logl 253.641 previous 253.641

Starting fit with Gaussian convolution width: 3 ns
 fit: logl 247.646
logl 247.646 previous 247.646
Reconstructed vs True Angular Distance error 0.88 deg
SplineMPE vs True Angular Distance error 0.90 deg
Time elapsed: 16.76s
--------------------------------------------------
Running reconstruction for event id: 20
Neutrino energy: 39011.7 TeV
Muon Energy in Detector: 1.528670557057485 TeV
Total charge in event: 51.00000011920929
shifting seed vertex.

Starting fit with Gaussian convolution width: 100 ns
Initial fit: logl 477.521

Starting fit with Gaussian convolution width: 10 ns
 fit: logl 453.843
logl 453.843 previous 453.843

Starting fit with Gaussian convolution width: 3 ns
 fit: logl 445.619
logl 445.619 previous 445.619
Reconstructed vs True Angular Distance error 0.46 deg
SplineMPE vs True Angular Distance error 0.71 deg
Time elapsed: 16.37s
--------------------------------------------------
Running reconstruction for event id: 21
Neutrino energy: 55728.6 TeV
Muon Energy in Detector: 6.450368130493444 TeV
Total charge in event: 56.32500034570694
shifting seed vertex.

Starting fit with Gaussian convolution width: 100 ns
Initial fit: logl 430.066

Starting fit with Gaussian convolution width: 10 ns
 fit: logl 400.329
logl 400.329 previous 400.329

Starting fit with Gaussian convolution width: 3 ns
 fit: logl 397.201
logl 397.201 previous 397.201
Reconstructed vs True Angular Distance error 0.51 deg
SplineMPE vs True Angular Distance error 0.65 deg
Time elapsed: 19.00s
--------------------------------------------------
Running reconstruction for event id: 22
Neutrino energy: 4881.8 TeV
Muon Energy in Detector: 3.3784089209248775 TeV
Total charge in event: 66.34999978542328
shifting seed vertex.

Starting fit with Gaussian convolution width: 100 ns
Initial fit: logl 680.387

Starting fit with Gaussian convolution width: 10 ns
 fit: logl 645.202
logl 645.202 previous 645.202

Starting fit with Gaussian convolution width: 3 ns
 fit: logl 641.481
logl 641.481 previous 641.481
Reconstructed vs True Angular Distance error 0.14 deg
SplineMPE vs True Angular Distance error 0.24 deg
Time elapsed: 16.54s
--------------------------------------------------
Running reconstruction for event id: 23
Neutrino energy: 1380.9 TeV
Muon Energy in Detector: 2.990651304379571 TeV
Total charge in event: 79.22500039637089
shifting seed vertex.

Starting fit with Gaussian convolution width: 100 ns
Initial fit: logl 519.563

Starting fit with Gaussian convolution width: 10 ns
 fit: logl 507.842
logl 507.842 previous 507.842

Starting fit with Gaussian convolution width: 3 ns
 fit: logl 500.875
logl 500.875 previous 500.875
Reconstructed vs True Angular Distance error 1.04 deg
SplineMPE vs True Angular Distance error 1.01 deg
Time elapsed: 16.43s
--------------------------------------------------
Running reconstruction for event id: 24
Neutrino energy: 6540.2 TeV
Muon Energy in Detector: 9.473722071300493 TeV
Total charge in event: 281.32500049471855
shifting seed vertex.

Starting fit with Gaussian convolution width: 100 ns
Initial fit: logl 1522.122

Starting fit with Gaussian convolution width: 10 ns
 fit: logl 1465.303
logl 1465.303 previous 1465.303

Starting fit with Gaussian convolution width: 3 ns
 fit: logl 1456.367
logl 1456.367 previous 1456.367
Reconstructed vs True Angular Distance error 0.35 deg
SplineMPE vs True Angular Distance error 0.25 deg
Time elapsed: 20.53s
--------------------------------------------------
Running reconstruction for event id: 25
Neutrino energy: 2618.9 TeV
Muon Energy in Detector: 1.6404391303570156 TeV
Total charge in event: 102.52500082552433
shifting seed vertex.

Starting fit with Gaussian convolution width: 100 ns
Initial fit: logl 755.042

Starting fit with Gaussian convolution width: 10 ns
 fit: logl 689.402
logl 689.402 previous 689.402

Starting fit with Gaussian convolution width: 3 ns
 fit: logl 675.187
logl 675.187 previous 675.187
Reconstructed vs True Angular Distance error 0.05 deg
SplineMPE vs True Angular Distance error 0.17 deg
Time elapsed: 16.65s
--------------------------------------------------
Running reconstruction for event id: 26
Neutrino energy: 2464.7 TeV
Muon Energy in Detector: 3.80280441105715 TeV
Total charge in event: 32.77500009536743
shifting seed vertex.

Starting fit with Gaussian convolution width: 100 ns
Initial fit: logl 352.913

Starting fit with Gaussian convolution width: 10 ns
 fit: logl 318.403
logl 318.403 previous 318.403

Starting fit with Gaussian convolution width: 3 ns
 fit: logl 313.509
logl 313.509 previous 313.509
Reconstructed vs True Angular Distance error 0.28 deg
SplineMPE vs True Angular Distance error 0.26 deg
Time elapsed: 16.81s
--------------------------------------------------
Running reconstruction for event id: 27
Neutrino energy: 2073.3 TeV
Muon Energy in Detector: 2.3806610954119822 TeV
Total charge in event: 174.89999897778034
shifting seed vertex.

Starting fit with Gaussian convolution width: 100 ns
Initial fit: logl 362.590

Starting fit with Gaussian convolution width: 10 ns
 fit: logl 332.987
logl 332.987 previous 332.987

Starting fit with Gaussian convolution width: 3 ns
 fit: logl 322.768
logl 322.768 previous 322.768
Reconstructed vs True Angular Distance error 0.75 deg
SplineMPE vs True Angular Distance error 1.01 deg
Time elapsed: 16.51s
--------------------------------------------------
Running reconstruction for event id: 28
Neutrino energy: 2775.7 TeV
Muon Energy in Detector: 7.177954104125184 TeV
Total charge in event: 486.82499362528324
shifting seed vertex.

Starting fit with Gaussian convolution width: 100 ns
Initial fit: logl 1194.481

Starting fit with Gaussian convolution width: 10 ns
 fit: logl 1118.183
logl 1118.183 previous 1118.183

Starting fit with Gaussian convolution width: 3 ns
 fit: logl 1106.374
logl 1106.374 previous 1106.374
Reconstructed vs True Angular Distance error 0.23 deg
SplineMPE vs True Angular Distance error 0.36 deg
Time elapsed: 20.63s
--------------------------------------------------
Running reconstruction for event id: 29
Neutrino energy: 2029.7 TeV
Muon Energy in Detector: 5.913296791231958 TeV
Total charge in event: 21.574999779462814
shifting seed vertex.

Starting fit with Gaussian convolution width: 100 ns
Initial fit: logl 204.358

Starting fit with Gaussian convolution width: 10 ns
 fit: logl 177.576
logl 177.576 previous 177.576

Starting fit with Gaussian convolution width: 3 ns
 fit: logl 171.733
logl 171.733 previous 171.733
Reconstructed vs True Angular Distance error 1.20 deg
SplineMPE vs True Angular Distance error 0.86 deg
Time elapsed: 16.02s
--------------------------------------------------
Running reconstruction for event id: 30
Neutrino energy: 6831.7 TeV
Muon Energy in Detector: 1.7991531689641997 TeV
Total charge in event: 27.200000017881393
shifting seed vertex.

Starting fit with Gaussian convolution width: 100 ns
Initial fit: logl 298.737

Starting fit with Gaussian convolution width: 10 ns
 fit: logl 281.753
logl 281.753 previous 281.753

Starting fit with Gaussian convolution width: 3 ns
 fit: logl 282.100
logl 282.100 previous 282.100
Reconstructed vs True Angular Distance error 0.83 deg
SplineMPE vs True Angular Distance error 1.26 deg
Time elapsed: 16.52s
--------------------------------------------------
Running reconstruction for event id: 31
Neutrino energy: 3818.5 TeV
Muon Energy in Detector: 5.328779032902152 TeV
Total charge in event: 21.275000020861626
shifting seed vertex.

Starting fit with Gaussian convolution width: 100 ns
Initial fit: logl 242.909

Starting fit with Gaussian convolution width: 10 ns
 fit: logl 228.256
logl 228.256 previous 228.256

Starting fit with Gaussian convolution width: 3 ns
 fit: logl 223.938
logl 223.938 previous 223.938
Reconstructed vs True Angular Distance error 3.78 deg
SplineMPE vs True Angular Distance error 3.77 deg
Time elapsed: 16.79s
--------------------------------------------------
Running reconstruction for event id: 32
Neutrino energy: 29538.4 TeV
Muon Energy in Detector: 2.536391407214454 TeV
Total charge in event: 245.47499978542328
shifting seed vertex.

Starting fit with Gaussian convolution width: 100 ns
Initial fit: logl 911.824

Starting fit with Gaussian convolution width: 10 ns
 fit: logl 846.010
logl 846.010 previous 846.010

Starting fit with Gaussian convolution width: 3 ns
 fit: logl 837.478
logl 837.478 previous 837.478
Reconstructed vs True Angular Distance error 0.26 deg
SplineMPE vs True Angular Distance error 0.29 deg
Time elapsed: 20.89s
--------------------------------------------------
Running reconstruction for event id: 33
Neutrino energy: 2399.0 TeV
Muon Energy in Detector: 2.494325408375487 TeV
Total charge in event: 81.74999928474426
shifting seed vertex.

Starting fit with Gaussian convolution width: 100 ns
Initial fit: logl 485.062

Starting fit with Gaussian convolution width: 10 ns
 fit: logl 461.279
logl 461.279 previous 461.279

Starting fit with Gaussian convolution width: 3 ns
 fit: logl 455.351
logl 455.351 previous 455.351
Reconstructed vs True Angular Distance error 0.93 deg
SplineMPE vs True Angular Distance error 1.01 deg
Time elapsed: 16.14s
--------------------------------------------------
Running reconstruction for event id: 34
Neutrino energy: 16840.3 TeV
Muon Energy in Detector: 4.011788227598588 TeV
Total charge in event: 85.47500009834766
shifting seed vertex.

Starting fit with Gaussian convolution width: 100 ns
Initial fit: logl 398.034

Starting fit with Gaussian convolution width: 10 ns
 fit: logl 362.168
logl 362.168 previous 362.168

Starting fit with Gaussian convolution width: 3 ns
 fit: logl 354.465
logl 354.465 previous 354.465
Reconstructed vs True Angular Distance error 2.06 deg
SplineMPE vs True Angular Distance error 1.99 deg
Time elapsed: 15.90s
--------------------------------------------------
Running reconstruction for event id: 35
Neutrino energy: 16655.4 TeV
Muon Energy in Detector: 3.1797126227287436 TeV
Total charge in event: 179.20000065863132
shifting seed vertex.

Starting fit with Gaussian convolution width: 100 ns
Initial fit: logl 602.207

Starting fit with Gaussian convolution width: 10 ns
 fit: logl 570.909
logl 570.909 previous 570.909

Starting fit with Gaussian convolution width: 3 ns
 fit: logl 561.341
logl 561.341 previous 561.341
Reconstructed vs True Angular Distance error 0.66 deg
SplineMPE vs True Angular Distance error 0.82 deg
Time elapsed: 16.79s
--------------------------------------------------
Running reconstruction for event id: 36
Neutrino energy: 1509.9 TeV
Muon Energy in Detector: 3.3487787223020278 TeV
Total charge in event: 188.07500056922436
shifting seed vertex.

Starting fit with Gaussian convolution width: 100 ns
Initial fit: logl 857.539

Starting fit with Gaussian convolution width: 10 ns
 fit: logl 786.113
logl 786.113 previous 786.113

Starting fit with Gaussian convolution width: 3 ns
 fit: logl 775.553
logl 775.553 previous 775.553
Reconstructed vs True Angular Distance error 0.13 deg
SplineMPE vs True Angular Distance error 0.25 deg
Time elapsed: 16.79s
--------------------------------------------------
Running reconstruction for event id: 37
Neutrino energy: 1495.2 TeV
Muon Energy in Detector: 1.2238679340579548 TeV
Total charge in event: 85.75000010430813
shifting seed vertex.

Starting fit with Gaussian convolution width: 100 ns
Initial fit: logl 420.641

Starting fit with Gaussian convolution width: 10 ns
 fit: logl 372.279
logl 372.279 previous 372.279

Starting fit with Gaussian convolution width: 3 ns
 fit: logl 356.813
logl 356.813 previous 356.813
Reconstructed vs True Angular Distance error 0.52 deg
SplineMPE vs True Angular Distance error 5.12 deg
Time elapsed: 21.23s
--------------------------------------------------
Running reconstruction for event id: 38
Neutrino energy: 93499.8 TeV
Muon Energy in Detector: 7.700499143421533 TeV
Total charge in event: 80.42499984800816
shifting seed vertex.

Starting fit with Gaussian convolution width: 100 ns
Initial fit: logl 391.842

Starting fit with Gaussian convolution width: 10 ns
 fit: logl 365.155
logl 365.155 previous 365.155

Starting fit with Gaussian convolution width: 3 ns
 fit: logl 361.809
logl 361.809 previous 361.809
Reconstructed vs True Angular Distance error 2.70 deg
SplineMPE vs True Angular Distance error 1.99 deg
Time elapsed: 16.75s
--------------------------------------------------
Running reconstruction for event id: 39
Neutrino energy: 1191.3 TeV
Muon Energy in Detector: 5.8432029340056495 TeV
Total charge in event: 362.22499860823154
shifting seed vertex.

Starting fit with Gaussian convolution width: 100 ns
Initial fit: logl 1730.766

Starting fit with Gaussian convolution width: 10 ns
 fit: logl 1608.999
logl 1608.999 previous 1608.999

Starting fit with Gaussian convolution width: 3 ns
 fit: logl 1597.117
logl 1597.117 previous 1597.117
Reconstructed vs True Angular Distance error 0.11 deg
SplineMPE vs True Angular Distance error 0.14 deg
Time elapsed: 17.69s
--------------------------------------------------
Running reconstruction for event id: 40
Neutrino energy: 10888.0 TeV
Muon Energy in Detector: 2.6262304386720063 TeV
Total charge in event: 138.07499986886978
shifting seed vertex.

Starting fit with Gaussian convolution width: 100 ns
Initial fit: logl 849.187

Starting fit with Gaussian convolution width: 10 ns
 fit: logl 804.140
logl 804.140 previous 804.140

Starting fit with Gaussian convolution width: 3 ns
 fit: logl 798.141
logl 798.141 previous 798.141
Reconstructed vs True Angular Distance error 0.10 deg
SplineMPE vs True Angular Distance error 0.28 deg
Time elapsed: 16.73s
--------------------------------------------------
Running reconstruction for event id: 41
Neutrino energy: 26045.3 TeV
Muon Energy in Detector: 7.003028544689063 TeV
Total charge in event: 327.7749996483326
shifting seed vertex.

Starting fit with Gaussian convolution width: 100 ns
Initial fit: logl 1630.556

Starting fit with Gaussian convolution width: 10 ns
 fit: logl 1555.815
logl 1555.815 previous 1555.815

Starting fit with Gaussian convolution width: 3 ns
 fit: logl 1551.478
logl 1551.478 previous 1551.478
Reconstructed vs True Angular Distance error 0.07 deg
SplineMPE vs True Angular Distance error 0.08 deg
Time elapsed: 17.44s
--------------------------------------------------
Running reconstruction for event id: 42
Neutrino energy: 4759.0 TeV
Muon Energy in Detector: 3.6978542277372264 TeV
Total charge in event: 489.24999925494194
shifting seed vertex.

Starting fit with Gaussian convolution width: 100 ns
Initial fit: logl 1077.039

Starting fit with Gaussian convolution width: 10 ns
 fit: logl 1092.608
logl 1092.608 previous 1092.608

Starting fit with Gaussian convolution width: 3 ns
 fit: logl 1091.755
logl 1091.755 previous 1091.755
Reconstructed vs True Angular Distance error 0.36 deg
SplineMPE vs True Angular Distance error 0.35 deg
Time elapsed: 22.19s
--------------------------------------------------
Running reconstruction for event id: 43
Neutrino energy: 45682.3 TeV
Muon Energy in Detector: 9.929287951371924 TeV
Total charge in event: 141.22499999403954
shifting seed vertex.

Starting fit with Gaussian convolution width: 100 ns
Initial fit: logl 623.776

Starting fit with Gaussian convolution width: 10 ns
 fit: logl 567.826
logl 567.826 previous 567.826

Starting fit with Gaussian convolution width: 3 ns
 fit: logl 556.364
logl 556.364 previous 556.364
Reconstructed vs True Angular Distance error 0.29 deg
SplineMPE vs True Angular Distance error 0.49 deg
Time elapsed: 16.55s
--------------------------------------------------
Running reconstruction for event id: 44
Neutrino energy: 6630.5 TeV
Muon Energy in Detector: 7.949373434745066 TeV
Total charge in event: 130.57500049471855
shifting seed vertex.

Starting fit with Gaussian convolution width: 100 ns
Initial fit: logl 317.691

Starting fit with Gaussian convolution width: 10 ns
 fit: logl 288.691
logl 288.691 previous 288.691

Starting fit with Gaussian convolution width: 3 ns
 fit: logl 285.619
logl 285.619 previous 285.619
Reconstructed vs True Angular Distance error 4.59 deg
SplineMPE vs True Angular Distance error 4.39 deg
Time elapsed: 16.82s
--------------------------------------------------
Running reconstruction for event id: 45
Neutrino energy: 89742.7 TeV
Muon Energy in Detector: 5.665460404325277 TeV
Total charge in event: 75.02500054240227
shifting seed vertex.

Starting fit with Gaussian convolution width: 100 ns
Initial fit: logl 605.992

Starting fit with Gaussian convolution width: 10 ns
 fit: logl 572.654
logl 572.654 previous 572.654

Starting fit with Gaussian convolution width: 3 ns
 fit: logl 565.730
logl 565.730 previous 565.730
Reconstructed vs True Angular Distance error 0.51 deg
SplineMPE vs True Angular Distance error 2.11 deg
Time elapsed: 16.41s
--------------------------------------------------
Running reconstruction for event id: 46
Neutrino energy: 1177.6 TeV
Muon Energy in Detector: 1.1350246487128024 TeV
Total charge in event: 30.599999964237213
shifting seed vertex.

Starting fit with Gaussian convolution width: 100 ns
Initial fit: logl 340.459

Starting fit with Gaussian convolution width: 10 ns
 fit: logl 320.656
logl 320.656 previous 320.656

Starting fit with Gaussian convolution width: 3 ns
 fit: logl 315.326
logl 315.326 previous 315.326
Reconstructed vs True Angular Distance error 0.27 deg
SplineMPE vs True Angular Distance error 0.39 deg
Time elapsed: 16.79s
--------------------------------------------------
Running reconstruction for event id: 47
Neutrino energy: 1010.8 TeV
Muon Energy in Detector: 7.097521062926389 TeV
Total charge in event: 1043.800001680851
shifting seed vertex.

Starting fit with Gaussian convolution width: 100 ns
Initial fit: logl 2059.504

Starting fit with Gaussian convolution width: 10 ns
 fit: logl 2024.346
logl 2024.346 previous 2024.346

Starting fit with Gaussian convolution width: 3 ns
 fit: logl 2019.362
logl 2019.362 previous 2019.362
Reconstructed vs True Angular Distance error 1.31 deg
SplineMPE vs True Angular Distance error 1.39 deg
Time elapsed: 17.81s
--------------------------------------------------
Running reconstruction for event id: 48
Neutrino energy: 81485.5 TeV
Muon Energy in Detector: 4.529329136580229 TeV
Total charge in event: 46.1500001847744
shifting seed vertex.

Starting fit with Gaussian convolution width: 100 ns
Initial fit: logl 273.122

Starting fit with Gaussian convolution width: 10 ns
 fit: logl 228.309
logl 228.309 previous 228.309

Starting fit with Gaussian convolution width: 3 ns
 fit: logl 214.345
logl 214.345 previous 214.345
Reconstructed vs True Angular Distance error 0.13 deg
SplineMPE vs True Angular Distance error 0.11 deg
Time elapsed: 22.98s
--------------------------------------------------
Running reconstruction for event id: 49
Neutrino energy: 3188.2 TeV
Muon Energy in Detector: 9.599412196964735 TeV
Total charge in event: 139.7499994188547
shifting seed vertex.

Starting fit with Gaussian convolution width: 100 ns
Initial fit: logl 775.249

Starting fit with Gaussian convolution width: 10 ns
 fit: logl 748.560
logl 748.560 previous 748.560

Starting fit with Gaussian convolution width: 3 ns
 fit: logl 744.692
logl 744.692 previous 744.692
Reconstructed vs True Angular Distance error 1.47 deg
SplineMPE vs True Angular Distance error 2.44 deg
Time elapsed: 16.79s
--------------------------------------------------
Running reconstruction for event id: 50
Neutrino energy: 3161.5 TeV
Muon Energy in Detector: 6.206114121184219 TeV
Total charge in event: 141.60000130534172
shifting seed vertex.

Starting fit with Gaussian convolution width: 100 ns
Initial fit: logl 947.485

Starting fit with Gaussian convolution width: 10 ns
 fit: logl 904.956
logl 904.956 previous 904.956

Starting fit with Gaussian convolution width: 3 ns
 fit: logl 898.059
logl 898.059 previous 898.059
Reconstructed vs True Angular Distance error 0.51 deg
SplineMPE vs True Angular Distance error 0.63 deg
Time elapsed: 16.71s
--------------------------------------------------
Running reconstruction for event id: 51
Neutrino energy: 7318.9 TeV
Muon Energy in Detector: 3.1518214554772714 TeV
Total charge in event: 56.425000101327896
shifting seed vertex.

Starting fit with Gaussian convolution width: 100 ns
Initial fit: logl 558.953

Starting fit with Gaussian convolution width: 10 ns
 fit: logl 520.027
logl 520.027 previous 520.027

Starting fit with Gaussian convolution width: 3 ns
 fit: logl 510.809
logl 510.809 previous 510.809
Reconstructed vs True Angular Distance error 0.26 deg
SplineMPE vs True Angular Distance error 0.25 deg
Time elapsed: 16.57s
--------------------------------------------------
Running reconstruction for event id: 52
Neutrino energy: 2337.8 TeV
Muon Energy in Detector: 1.6461325912329485 TeV
Total charge in event: 141.0250001847744
shifting seed vertex.

Starting fit with Gaussian convolution width: 100 ns
Initial fit: logl 860.080

Starting fit with Gaussian convolution width: 10 ns
 fit: logl 781.667
logl 781.667 previous 781.667

Starting fit with Gaussian convolution width: 3 ns
 fit: logl 767.232
logl 767.232 previous 767.232
Reconstructed vs True Angular Distance error 0.15 deg
SplineMPE vs True Angular Distance error 0.29 deg
Time elapsed: 16.49s
--------------------------------------------------
Running reconstruction for event id: 53
Neutrino energy: 16472.7 TeV
Muon Energy in Detector: 8.320847639585729 TeV
Total charge in event: 662.5500017851591
shifting seed vertex.

Starting fit with Gaussian convolution width: 100 ns
Initial fit: logl 2227.985

Starting fit with Gaussian convolution width: 10 ns
 fit: logl 2194.679
logl 2194.679 previous 2194.679

Starting fit with Gaussian convolution width: 3 ns
 fit: logl 2194.512
logl 2194.512 previous 2194.512
Reconstructed vs True Angular Distance error 0.21 deg
SplineMPE vs True Angular Distance error 0.33 deg
Time elapsed: 17.71s
--------------------------------------------------
Running reconstruction for event id: 54
Neutrino energy: 2134.8 TeV
Muon Energy in Detector: 7.244926864700857 TeV
Total charge in event: 184.74999950826168
shifting seed vertex.

Starting fit with Gaussian convolution width: 100 ns
Initial fit: logl 946.180

Starting fit with Gaussian convolution width: 10 ns
 fit: logl 876.804
logl 876.804 previous 876.804

Starting fit with Gaussian convolution width: 3 ns
 fit: logl 863.836
logl 863.836 previous 863.836
Reconstructed vs True Angular Distance error 0.07 deg
SplineMPE vs True Angular Distance error 0.08 deg
Time elapsed: 16.97s
--------------------------------------------------
Running reconstruction for event id: 55
Neutrino energy: 1829.4 TeV
Muon Energy in Detector: 1.3662150583339971 TeV
Total charge in event: 54.350000232458115
shifting seed vertex.

Starting fit with Gaussian convolution width: 100 ns
Initial fit: logl 546.419

Starting fit with Gaussian convolution width: 10 ns
 fit: logl 513.153
logl 513.153 previous 513.153

Starting fit with Gaussian convolution width: 3 ns
 fit: logl 508.653
logl 508.653 previous 508.653
Reconstructed vs True Angular Distance error 0.25 deg
SplineMPE vs True Angular Distance error 0.35 deg
Time elapsed: 16.50s
--------------------------------------------------
Running reconstruction for event id: 56
Neutrino energy: 5107.1 TeV
Muon Energy in Detector: 8.969808464286325 TeV
Total charge in event: 53.42499980330467
shifting seed vertex.

Starting fit with Gaussian convolution width: 100 ns
Initial fit: logl 505.894

Starting fit with Gaussian convolution width: 10 ns
 fit: logl 487.447
logl 487.447 previous 487.447

Starting fit with Gaussian convolution width: 3 ns
 fit: logl 484.443
logl 484.443 previous 484.443
Reconstructed vs True Angular Distance error 2.35 deg
SplineMPE vs True Angular Distance error 2.36 deg
Time elapsed: 23.32s
--------------------------------------------------
Running reconstruction for event id: 57
Neutrino energy: 1728.7 TeV
Muon Energy in Detector: 3.9286548724968453 TeV
Total charge in event: 52.475000113248825
shifting seed vertex.

Starting fit with Gaussian convolution width: 100 ns
Initial fit: logl 426.629

Starting fit with Gaussian convolution width: 10 ns
 fit: logl 399.490
logl 399.490 previous 399.490

Starting fit with Gaussian convolution width: 3 ns
 fit: logl 398.304
logl 398.304 previous 398.304
Reconstructed vs True Angular Distance error 0.54 deg
SplineMPE vs True Angular Distance error 0.42 deg
Time elapsed: 16.05s
--------------------------------------------------
Running reconstruction for event id: 58
Neutrino energy: 7316.4 TeV
Muon Energy in Detector: 7.495839432970155 TeV
Total charge in event: 72.92500007152557
shifting seed vertex.

Starting fit with Gaussian convolution width: 100 ns
Initial fit: logl 508.717

Starting fit with Gaussian convolution width: 10 ns
 fit: logl 481.570
logl 481.570 previous 481.570

Starting fit with Gaussian convolution width: 3 ns
 fit: logl 477.554
logl 477.554 previous 477.554
Reconstructed vs True Angular Distance error 0.19 deg
SplineMPE vs True Angular Distance error 0.22 deg
Time elapsed: 16.40s
--------------------------------------------------
Running reconstruction for event id: 59
Neutrino energy: 21852.4 TeV
Muon Energy in Detector: 9.658243608533638 TeV
Total charge in event: 252.7750002592802
shifting seed vertex.

Starting fit with Gaussian convolution width: 100 ns
Initial fit: logl 823.763

Starting fit with Gaussian convolution width: 10 ns
 fit: logl 789.855
logl 789.855 previous 789.855

Starting fit with Gaussian convolution width: 3 ns
 fit: logl 775.733
logl 775.733 previous 775.733
Reconstructed vs True Angular Distance error 1.94 deg
SplineMPE vs True Angular Distance error 2.17 deg
Time elapsed: 16.76s
--------------------------------------------------
Running reconstruction for event id: 60
Neutrino energy: 14418.1 TeV
Muon Energy in Detector: 4.1524234072566175 TeV
Total charge in event: 62.32500018179417
shifting seed vertex.

Starting fit with Gaussian convolution width: 100 ns
Initial fit: logl 417.502

Starting fit with Gaussian convolution width: 10 ns
 fit: logl 375.724
logl 375.724 previous 375.724

Starting fit with Gaussian convolution width: 3 ns
 fit: logl 366.089
logl 366.089 previous 366.089
Reconstructed vs True Angular Distance error 4.90 deg
SplineMPE vs True Angular Distance error 15.97 deg
Time elapsed: 16.35s
--------------------------------------------------
Running reconstruction for event id: 61
Neutrino energy: 3571.4 TeV
Muon Energy in Detector: 7.3710413745694385 TeV
Total charge in event: 114.12500044703484
shifting seed vertex.

Starting fit with Gaussian convolution width: 100 ns
Initial fit: logl 690.776

Starting fit with Gaussian convolution width: 10 ns
 fit: logl 657.398
logl 657.398 previous 657.398

Starting fit with Gaussian convolution width: 3 ns
 fit: logl 654.726
logl 654.726 previous 654.726
Reconstructed vs True Angular Distance error 0.43 deg
SplineMPE vs True Angular Distance error 0.43 deg
Time elapsed: 16.65s
--------------------------------------------------
Running reconstruction for event id: 62
Neutrino energy: 10384.0 TeV
Muon Energy in Detector: 1.6003119174694875 TeV
Total charge in event: 59.400000005960464
shifting seed vertex.

Starting fit with Gaussian convolution width: 100 ns
Initial fit: logl 325.952

Starting fit with Gaussian convolution width: 10 ns
 fit: logl 288.378
logl 288.378 previous 288.378

Starting fit with Gaussian convolution width: 3 ns
 fit: logl 282.409
logl 282.409 previous 282.409
Reconstructed vs True Angular Distance error 12.01 deg
SplineMPE vs True Angular Distance error 11.89 deg
Time elapsed: 16.71s
--------------------------------------------------
Running reconstruction for event id: 63
Neutrino energy: 37637.4 TeV
Muon Energy in Detector: 3.1760816544007975 TeV
Total charge in event: 93.54999995231628
shifting seed vertex.

Starting fit with Gaussian convolution width: 100 ns
Initial fit: logl 423.543

Starting fit with Gaussian convolution width: 10 ns
 fit: logl 395.359
logl 395.359 previous 395.359

Starting fit with Gaussian convolution width: 3 ns
 fit: logl 392.115
logl 392.115 previous 392.115
Reconstructed vs True Angular Distance error 0.80 deg
SplineMPE vs True Angular Distance error 0.48 deg
Time elapsed: 16.45s
--------------------------------------------------
Running reconstruction for event id: 64
Neutrino energy: 1392.1 TeV
Muon Energy in Detector: 1.0812653037228155 TeV
Total charge in event: 55.32500034570694
shifting seed vertex.

Starting fit with Gaussian convolution width: 100 ns
Initial fit: logl 269.607

Starting fit with Gaussian convolution width: 10 ns
 fit: logl 243.746
logl 243.746 previous 243.746

Starting fit with Gaussian convolution width: 3 ns
 fit: logl 239.229
logl 239.229 previous 239.229
Reconstructed vs True Angular Distance error 0.30 deg
SplineMPE vs True Angular Distance error 0.53 deg
Time elapsed: 24.77s
--------------------------------------------------
Running reconstruction for event id: 65
Neutrino energy: 1761.7 TeV
Muon Energy in Detector: 3.2765029701093447 TeV
Total charge in event: 45.84999996423721
shifting seed vertex.

Starting fit with Gaussian convolution width: 100 ns
Initial fit: logl 562.809

Starting fit with Gaussian convolution width: 10 ns
 fit: logl 541.422
logl 541.422 previous 541.422

Starting fit with Gaussian convolution width: 3 ns
 fit: logl 538.031
logl 538.031 previous 538.031
Reconstructed vs True Angular Distance error 1.19 deg
SplineMPE vs True Angular Distance error 1.85 deg
Time elapsed: 16.28s
--------------------------------------------------
Running reconstruction for event id: 66
Neutrino energy: 2222.6 TeV
Muon Energy in Detector: 7.54887745925691 TeV
Total charge in event: 33.2249998152256
shifting seed vertex.

Starting fit with Gaussian convolution width: 100 ns
Initial fit: logl 210.500

Starting fit with Gaussian convolution width: 10 ns
 fit: logl 177.378
logl 177.378 previous 177.378

Starting fit with Gaussian convolution width: 3 ns
 fit: logl 170.499
logl 170.499 previous 170.499
Reconstructed vs True Angular Distance error 0.32 deg
SplineMPE vs True Angular Distance error 0.56 deg
Time elapsed: 16.42s
--------------------------------------------------
Running reconstruction for event id: 67
Neutrino energy: 1894.7 TeV
Muon Energy in Detector: 1.993879660429322 TeV
Total charge in event: 67.82499997317791
shifting seed vertex.

Starting fit with Gaussian convolution width: 100 ns
Initial fit: logl 509.062

Starting fit with Gaussian convolution width: 10 ns
 fit: logl 478.363
logl 478.363 previous 478.363

Starting fit with Gaussian convolution width: 3 ns
 fit: logl 471.984
logl 471.984 previous 471.984
Reconstructed vs True Angular Distance error 0.84 deg
SplineMPE vs True Angular Distance error 0.83 deg
Time elapsed: 16.40s
--------------------------------------------------
Running reconstruction for event id: 68
Neutrino energy: 38196.0 TeV
Muon Energy in Detector: 7.979710652844311 TeV
Total charge in event: 102.65000022947788
shifting seed vertex.

Starting fit with Gaussian convolution width: 100 ns
Initial fit: logl 837.548

Starting fit with Gaussian convolution width: 10 ns
 fit: logl 794.352
logl 794.352 previous 794.352

Starting fit with Gaussian convolution width: 3 ns
 fit: logl 788.710
logl 788.710 previous 788.710
Reconstructed vs True Angular Distance error 0.21 deg
SplineMPE vs True Angular Distance error 0.24 deg
Time elapsed: 16.63s
--------------------------------------------------
Running reconstruction for event id: 69
Neutrino energy: 4326.2 TeV
Muon Energy in Detector: 2.7688938289982032 TeV
Total charge in event: 70.07500042021275
shifting seed vertex.

Starting fit with Gaussian convolution width: 100 ns
Initial fit: logl 482.366

Starting fit with Gaussian convolution width: 10 ns
 fit: logl 471.010
logl 471.010 previous 471.010

Starting fit with Gaussian convolution width: 3 ns
 fit: logl 469.770
logl 469.770 previous 469.770
Reconstructed vs True Angular Distance error 0.67 deg
SplineMPE vs True Angular Distance error 0.15 deg
Time elapsed: 16.22s
--------------------------------------------------
Running reconstruction for event id: 70
Neutrino energy: 1121.8 TeV
Muon Energy in Detector: 1.7676080284207127 TeV
Total charge in event: 32.97500018775463
shifting seed vertex.

Starting fit with Gaussian convolution width: 100 ns
Initial fit: logl 271.563

Starting fit with Gaussian convolution width: 10 ns
 fit: logl 236.254
logl 236.254 previous 236.254

Starting fit with Gaussian convolution width: 3 ns
 fit: logl 229.248
logl 229.248 previous 229.248
Reconstructed vs True Angular Distance error 0.34 deg
SplineMPE vs True Angular Distance error 1.43 deg
Time elapsed: 16.74s
--------------------------------------------------
