CUDA_VISIBLE_DEVICES = 0
Thu May 21 01:47:34 2026       
+-----------------------------------------------------------------------------------------+
| NVIDIA-SMI 560.35.05              Driver Version: 560.35.05      CUDA Version: 12.6     |
|-----------------------------------------+------------------------+----------------------+
| GPU  Name                 Persistence-M | Bus-Id          Disp.A | Volatile Uncorr. ECC |
| Fan  Temp   Perf          Pwr:Usage/Cap |           Memory-Usage | GPU-Util  Compute M. |
|                                         |                        |               MIG M. |
|=========================================+========================+======================|
|   0  NVIDIA A100-SXM4-80GB          Off |   00000000:01:00.0 Off |                    0 |
| N/A   32C    P0             60W /  500W |       1MiB /  81920MiB |      0%      Default |
|                                         |                        |             Disabled |
+-----------------------------------------+------------------------+----------------------+
                                                                                         
+-----------------------------------------------------------------------------------------+
| Processes:                                                                              |
|  GPU   GI   CI        PID   Type   Process name                              GPU Memory |
|        ID   ID                                                               Usage      |
|=========================================================================================|
|  No running processes found                                                             |
+-----------------------------------------------------------------------------------------+
Traceback (most recent call last):
  File "<string>", line 1, in <module>
  File "/mnt/home/baburish/miniconda3/miniconda/envs/3pandelnet/lib/python3.10/site-packages/jax/__init__.py", line 25, in <module>
    from jax._src.cloud_tpu_init import cloud_tpu_init as _cloud_tpu_init
  File "/mnt/home/baburish/miniconda3/miniconda/envs/3pandelnet/lib/python3.10/site-packages/jax/_src/cloud_tpu_init.py", line 17, in <module>
    from jax._src import config
  File "/mnt/home/baburish/miniconda3/miniconda/envs/3pandelnet/lib/python3.10/site-packages/jax/_src/config.py", line 27, in <module>
    from jax._src import lib
  File "/mnt/home/baburish/miniconda3/miniconda/envs/3pandelnet/lib/python3.10/site-packages/jax/_src/lib/__init__.py", line 87, in <module>
    import jaxlib.xla_client as xla_client
  File "/mnt/home/baburish/miniconda3/miniconda/envs/3pandelnet/lib/python3.10/site-packages/jaxlib/xla_client.py", line 30, in <module>
    import ml_dtypes
  File "/mnt/home/baburish/miniconda3/miniconda/envs/3pandelnet/lib/python3.10/site-packages/ml_dtypes/__init__.py", line 32, in <module>
    from ml_dtypes._finfo import finfo
  File "/mnt/home/baburish/miniconda3/miniconda/envs/3pandelnet/lib/python3.10/site-packages/ml_dtypes/_finfo.py", line 19, in <module>
    from ml_dtypes._ml_dtypes_ext import bfloat16
ModuleNotFoundError: No module named 'ml_dtypes._ml_dtypes_ext'
2026-05-21 01:47:39.210664: W tensorflow/compiler/tf2tensorrt/utils/py_utils.cc:38] TF-TRT Warning: Could not find TensorRT
2026-05-21 01:47:44.190382: W external/xla/xla/service/gpu/nvptx_compiler.cc:836] The NVIDIA driver's CUDA version is 12.6 which is older than the PTX compiler version (12.9.86). Because the driver is older than the PTX compiler version, XLA is disabling parallel compilation, which may slow down compilation. You should update your NVIDIA driver or use the NVIDIA-provided CUDA forward compatibility packages.
Traceback (most recent call last):
  File "/mnt/scratch/baburish/TPN-training/final/TPN_God/reconstruct22644.py", line 62, in <module>
    events_meta = pd.read_feather(events_meta_file)
  File "/mnt/home/baburish/miniconda3/miniconda/envs/3pandelnet/lib/python3.10/site-packages/pandas/io/feather_format.py", line 120, in read_feather
    with get_handle(
  File "/mnt/home/baburish/miniconda3/miniconda/envs/3pandelnet/lib/python3.10/site-packages/pandas/io/common.py", line 882, in get_handle
    handle = open(handle, ioargs.mode)
FileNotFoundError: [Errno 2] No such file or directory: '/mnt/research/IceCube/Gupta-Reco/22644/tfrecords/ftr/meta_ds_22644_from_0_to_1000_10_to_100TeV.ftr'
