****************************************************************
You are currently in a shell with an Icetray environment loaded.
Please exit the current shell and re-run /cvmfs/icecube.opensciencegrid.org/py3-v4.3.0/Ubuntu_22.04_x86_64/metaprojects/icetray/v1.9.2/env-shell.sh from a clean shell.
****************************************************************
Environment not (re)loaded.
NOTICE (I3Tray): I3Tray finishing... (I3Tray.cxx:526 in void I3Tray::Execute(bool, unsigned int))
NOTICE (I3Tray): I3Tray finishing... (I3Tray.cxx:526 in void I3Tray::Execute(bool, unsigned int))
NOTICE (I3Tray): I3Tray finishing... (I3Tray.cxx:526 in void I3Tray::Execute(bool, unsigned int))
NOTICE (I3Tray): I3Tray finishing... (I3Tray.cxx:526 in void I3Tray::Execute(bool, unsigned int))
NOTICE (I3Tray): I3Tray finishing... (I3Tray.cxx:526 in void I3Tray::Execute(bool, unsigned int))
NOTICE (I3Tray): I3Tray finishing... (I3Tray.cxx:526 in void I3Tray::Execute(bool, unsigned int))
NOTICE (I3Tray): I3Tray finishing... (I3Tray.cxx:526 in void I3Tray::Execute(bool, unsigned int))
NOTICE (I3Tray): I3Tray finishing... (I3Tray.cxx:526 in void I3Tray::Execute(bool, unsigned int))
NOTICE (I3Tray): I3Tray finishing... (I3Tray.cxx:526 in void I3Tray::Execute(bool, unsigned int))
NOTICE (I3Tray): I3Tray finishing... (I3Tray.cxx:526 in void I3Tray::Execute(bool, unsigned int))
NOTICE (I3Tray): I3Tray finishing... (I3Tray.cxx:526 in void I3Tray::Execute(bool, unsigned int))
NOTICE (I3Tray): I3Tray finishing... (I3Tray.cxx:526 in void I3Tray::Execute(bool, unsigned int))
NOTICE (I3Tray): I3Tray finishing... (I3Tray.cxx:526 in void I3Tray::Execute(bool, unsigned int))
NOTICE (I3Tray): I3Tray finishing... (I3Tray.cxx:526 in void I3Tray::Execute(bool, unsigned int))
NOTICE (I3Tray): I3Tray finishing... (I3Tray.cxx:526 in void I3Tray::Execute(bool, unsigned int))
NOTICE (I3Tray): I3Tray finishing... (I3Tray.cxx:526 in void I3Tray::Execute(bool, unsigned int))
NOTICE (I3Tray): I3Tray finishing... (I3Tray.cxx:526 in void I3Tray::Execute(bool, unsigned int))
NOTICE (I3Tray): I3Tray finishing... (I3Tray.cxx:526 in void I3Tray::Execute(bool, unsigned int))
NOTICE (I3Tray): I3Tray finishing... (I3Tray.cxx:526 in void I3Tray::Execute(bool, unsigned int))
NOTICE (I3Tray): I3Tray finishing... (I3Tray.cxx:526 in void I3Tray::Execute(bool, unsigned int))
NOTICE (I3Tray): I3Tray finishing... (I3Tray.cxx:526 in void I3Tray::Execute(bool, unsigned int))
NOTICE (I3Tray): I3Tray finishing... (I3Tray.cxx:526 in void I3Tray::Execute(bool, unsigned int))
NOTICE (I3Tray): I3Tray finishing... (I3Tray.cxx:526 in void I3Tray::Execute(bool, unsigned int))
NOTICE (I3Tray): I3Tray finishing... (I3Tray.cxx:526 in void I3Tray::Execute(bool, unsigned int))
NOTICE (I3Tray): I3Tray finishing... (I3Tray.cxx:526 in void I3Tray::Execute(bool, unsigned int))
NOTICE (I3Tray): I3Tray finishing... (I3Tray.cxx:526 in void I3Tray::Execute(bool, unsigned int))
NOTICE (I3Tray): I3Tray finishing... (I3Tray.cxx:526 in void I3Tray::Execute(bool, unsigned int))
NOTICE (I3Tray): I3Tray finishing... (I3Tray.cxx:526 in void I3Tray::Execute(bool, unsigned int))
NOTICE (I3Tray): I3Tray finishing... (I3Tray.cxx:526 in void I3Tray::Execute(bool, unsigned int))
NOTICE (I3Tray): I3Tray finishing... (I3Tray.cxx:526 in void I3Tray::Execute(bool, unsigned int))
NOTICE (I3Tray): I3Tray finishing... (I3Tray.cxx:526 in void I3Tray::Execute(bool, unsigned int))
NOTICE (I3Tray): I3Tray finishing... (I3Tray.cxx:526 in void I3Tray::Execute(bool, unsigned int))
NOTICE (I3Tray): I3Tray finishing... (I3Tray.cxx:526 in void I3Tray::Execute(bool, unsigned int))
NOTICE (I3Tray): I3Tray finishing... (I3Tray.cxx:526 in void I3Tray::Execute(bool, unsigned int))
NOTICE (I3Tray): I3Tray finishing... (I3Tray.cxx:526 in void I3Tray::Execute(bool, unsigned int))
NOTICE (I3Tray): I3Tray finishing... (I3Tray.cxx:526 in void I3Tray::Execute(bool, unsigned int))
NOTICE (I3Tray): I3Tray finishing... (I3Tray.cxx:526 in void I3Tray::Execute(bool, unsigned int))
NOTICE (I3Tray): I3Tray finishing... (I3Tray.cxx:526 in void I3Tray::Execute(bool, unsigned int))
NOTICE (I3Tray): I3Tray finishing... (I3Tray.cxx:526 in void I3Tray::Execute(bool, unsigned int))
NOTICE (I3Tray): I3Tray finishing... (I3Tray.cxx:526 in void I3Tray::Execute(bool, unsigned int))
NOTICE (I3Tray): I3Tray finishing... (I3Tray.cxx:526 in void I3Tray::Execute(bool, unsigned int))
NOTICE (I3Tray): I3Tray finishing... (I3Tray.cxx:526 in void I3Tray::Execute(bool, unsigned int))
Found 959 files matching pattern /mnt/research/IceCube/Gupta-Reco/22646/0000000-0000999/FinalLevel_NuMu_NuGenCCNC.022646*
Processing file 1/959: /mnt/research/IceCube/Gupta-Reco/22646/0000000-0000999/FinalLevel_NuMu_NuGenCCNC.022646.000000.i3.zst
Len of pulse frames 1
Length of meta frames 1
Event counts= 382
Processing file 2/959: /mnt/research/IceCube/Gupta-Reco/22646/0000000-0000999/FinalLevel_NuMu_NuGenCCNC.022646.000001.i3.zst
Len of pulse frames 2
Length of meta frames 2
Event counts= 356
Processing file 3/959: /mnt/research/IceCube/Gupta-Reco/22646/0000000-0000999/FinalLevel_NuMu_NuGenCCNC.022646.000003.i3.zst
Len of pulse frames 3
Length of meta frames 3
Event counts= 375
Processing file 4/959: /mnt/research/IceCube/Gupta-Reco/22646/0000000-0000999/FinalLevel_NuMu_NuGenCCNC.022646.000004.i3.zst
Len of pulse frames 4
Length of meta frames 4
Event counts= 371
Processing file 5/959: /mnt/research/IceCube/Gupta-Reco/22646/0000000-0000999/FinalLevel_NuMu_NuGenCCNC.022646.000005.i3.zst
Len of pulse frames 5
Length of meta frames 5
Event counts= 368
Processing file 6/959: /mnt/research/IceCube/Gupta-Reco/22646/0000000-0000999/FinalLevel_NuMu_NuGenCCNC.022646.000006.i3.zst
Len of pulse frames 6
Length of meta frames 6
Event counts= 361
Processing file 7/959: /mnt/research/IceCube/Gupta-Reco/22646/0000000-0000999/FinalLevel_NuMu_NuGenCCNC.022646.000007.i3.zst
Len of pulse frames 7
Length of meta frames 7
Event counts= 382
Processing file 8/959: /mnt/research/IceCube/Gupta-Reco/22646/0000000-0000999/FinalLevel_NuMu_NuGenCCNC.022646.000008.i3.zst
Len of pulse frames 8
Length of meta frames 8
Event counts= 373
Processing file 9/959: /mnt/research/IceCube/Gupta-Reco/22646/0000000-0000999/FinalLevel_NuMu_NuGenCCNC.022646.000009.i3.zst
Len of pulse frames 9
Length of meta frames 9
Event counts= 358
Processing file 10/959: /mnt/research/IceCube/Gupta-Reco/22646/0000000-0000999/FinalLevel_NuMu_NuGenCCNC.022646.000010.i3.zst
Len of pulse frames 10
Length of meta frames 10
Event counts= 357
Processing file 11/959: /mnt/research/IceCube/Gupta-Reco/22646/0000000-0000999/FinalLevel_NuMu_NuGenCCNC.022646.000011.i3.zst
Len of pulse frames 11
Length of meta frames 11
Event counts= 363
Processing file 12/959: /mnt/research/IceCube/Gupta-Reco/22646/0000000-0000999/FinalLevel_NuMu_NuGenCCNC.022646.000012.i3.zst
Len of pulse frames 12
Length of meta frames 12
Event counts= 400
Processing file 13/959: /mnt/research/IceCube/Gupta-Reco/22646/0000000-0000999/FinalLevel_NuMu_NuGenCCNC.022646.000013.i3.zst
Len of pulse frames 13
Length of meta frames 13
Event counts= 377
Processing file 14/959: /mnt/research/IceCube/Gupta-Reco/22646/0000000-0000999/FinalLevel_NuMu_NuGenCCNC.022646.000014.i3.zst
Len of pulse frames 14
Length of meta frames 14
Event counts= 392
Processing file 15/959: /mnt/research/IceCube/Gupta-Reco/22646/0000000-0000999/FinalLevel_NuMu_NuGenCCNC.022646.000016.i3.zst
Len of pulse frames 15
Length of meta frames 15
Event counts= 377
Processing file 16/959: /mnt/research/IceCube/Gupta-Reco/22646/0000000-0000999/FinalLevel_NuMu_NuGenCCNC.022646.000017.i3.zst
Len of pulse frames 16
Length of meta frames 16
Event counts= 378
Processing file 17/959: /mnt/research/IceCube/Gupta-Reco/22646/0000000-0000999/FinalLevel_NuMu_NuGenCCNC.022646.000019.i3.zst
Len of pulse frames 17
Length of meta frames 17
Event counts= 386
Processing file 18/959: /mnt/research/IceCube/Gupta-Reco/22646/0000000-0000999/FinalLevel_NuMu_NuGenCCNC.022646.000020.i3.zst
Len of pulse frames 18
Length of meta frames 18
Event counts= 376
Processing file 19/959: /mnt/research/IceCube/Gupta-Reco/22646/0000000-0000999/FinalLevel_NuMu_NuGenCCNC.022646.000021.i3.zst
Len of pulse frames 19
Length of meta frames 19
Event counts= 386
Processing file 20/959: /mnt/research/IceCube/Gupta-Reco/22646/0000000-0000999/FinalLevel_NuMu_NuGenCCNC.022646.000022.i3.zst
Len of pulse frames 20
Length of meta frames 20
Event counts= 384
Processing file 21/959: /mnt/research/IceCube/Gupta-Reco/22646/0000000-0000999/FinalLevel_NuMu_NuGenCCNC.022646.000023.i3.zst
Len of pulse frames 21
Length of meta frames 21
Event counts= 345
Processing file 22/959: /mnt/research/IceCube/Gupta-Reco/22646/0000000-0000999/FinalLevel_NuMu_NuGenCCNC.022646.000024.i3.zst
Len of pulse frames 22
Length of meta frames 22
Event counts= 379
Processing file 23/959: /mnt/research/IceCube/Gupta-Reco/22646/0000000-0000999/FinalLevel_NuMu_NuGenCCNC.022646.000025.i3.zst
Len of pulse frames 23
Length of meta frames 23
Event counts= 391
Processing file 24/959: /mnt/research/IceCube/Gupta-Reco/22646/0000000-0000999/FinalLevel_NuMu_NuGenCCNC.022646.000026.i3.zst
Len of pulse frames 24
Length of meta frames 24
Event counts= 360
Processing file 25/959: /mnt/research/IceCube/Gupta-Reco/22646/0000000-0000999/FinalLevel_NuMu_NuGenCCNC.022646.000027.i3.zst
Len of pulse frames 25
Length of meta frames 25
Event counts= 378
Processing file 26/959: /mnt/research/IceCube/Gupta-Reco/22646/0000000-0000999/FinalLevel_NuMu_NuGenCCNC.022646.000028.i3.zst
Len of pulse frames 26
Length of meta frames 26
Event counts= 387
Processing file 27/959: /mnt/research/IceCube/Gupta-Reco/22646/0000000-0000999/FinalLevel_NuMu_NuGenCCNC.022646.000029.i3.zst
Len of pulse frames 27
Length of meta frames 27
Event counts= 371
Processing file 28/959: /mnt/research/IceCube/Gupta-Reco/22646/0000000-0000999/FinalLevel_NuMu_NuGenCCNC.022646.000030.i3.zst
Len of pulse frames 28
Length of meta frames 28
Event counts= 372
Processing file 29/959: /mnt/research/IceCube/Gupta-Reco/22646/0000000-0000999/FinalLevel_NuMu_NuGenCCNC.022646.000031.i3.zst
Len of pulse frames 29
Length of meta frames 29
Event counts= 383
Processing file 30/959: /mnt/research/IceCube/Gupta-Reco/22646/0000000-0000999/FinalLevel_NuMu_NuGenCCNC.022646.000032.i3.zst
Len of pulse frames 30
Length of meta frames 30
Event counts= 377
Processing file 31/959: /mnt/research/IceCube/Gupta-Reco/22646/0000000-0000999/FinalLevel_NuMu_NuGenCCNC.022646.000033.i3.zst
Len of pulse frames 31
Length of meta frames 31
Event counts= 339
Processing file 32/959: /mnt/research/IceCube/Gupta-Reco/22646/0000000-0000999/FinalLevel_NuMu_NuGenCCNC.022646.000034.i3.zst
Len of pulse frames 32
Length of meta frames 32
Event counts= 357
Processing file 33/959: /mnt/research/IceCube/Gupta-Reco/22646/0000000-0000999/FinalLevel_NuMu_NuGenCCNC.022646.000035.i3.zst
Len of pulse frames 33
Length of meta frames 33
Event counts= 350
Processing file 34/959: /mnt/research/IceCube/Gupta-Reco/22646/0000000-0000999/FinalLevel_NuMu_NuGenCCNC.022646.000036.i3.zst
Len of pulse frames 34
Length of meta frames 34
Event counts= 384
Processing file 35/959: /mnt/research/IceCube/Gupta-Reco/22646/0000000-0000999/FinalLevel_NuMu_NuGenCCNC.022646.000037.i3.zst
Len of pulse frames 35
Length of meta frames 35
Event counts= 370
Processing file 36/959: /mnt/research/IceCube/Gupta-Reco/22646/0000000-0000999/FinalLevel_NuMu_NuGenCCNC.022646.000038.i3.zst
Len of pulse frames 36
Length of meta frames 36
Event counts= 361
Processing file 37/959: /mnt/research/IceCube/Gupta-Reco/22646/0000000-0000999/FinalLevel_NuMu_NuGenCCNC.022646.000039.i3.zst
Len of pulse frames 37
Length of meta frames 37
Event counts= 349
Processing file 38/959: /mnt/research/IceCube/Gupta-Reco/22646/0000000-0000999/FinalLevel_NuMu_NuGenCCNC.022646.000040.i3.zst
Len of pulse frames 38
Length of meta frames 38
Event counts= 370
Processing file 39/959: /mnt/research/IceCube/Gupta-Reco/22646/0000000-0000999/FinalLevel_NuMu_NuGenCCNC.022646.000041.i3.zst
Len of pulse frames 39
Length of meta frames 39
Event counts= 380
Processing file 40/959: /mnt/research/IceCube/Gupta-Reco/22646/0000000-0000999/FinalLevel_NuMu_NuGenCCNC.022646.000042.i3.zst
Len of pulse frames 40
Length of meta frames 40
Event counts= 367
Processing file 41/959: /mnt/research/IceCube/Gupta-Reco/22646/0000000-0000999/FinalLevel_NuMu_NuGenCCNC.022646.000043.i3.zst
Len of pulse frames 41
Length of meta frames 41
Event counts= 361
Processing file 42/959: /mnt/research/IceCube/Gupta-Reco/22646/0000000-0000999/FinalLevel_NuMu_NuGenCCNC.022646.000044.i3.zst
Len of pulse frames 42
Length of meta frames 42
Event counts= 376
NOTICE (I3Tray): I3Tray finishing... (I3Tray.cxx:526 in void I3Tray::Execute(bool, unsigned int))
NOTICE (I3Tray): I3Tray finishing... (I3Tray.cxx:526 in void I3Tray::Execute(bool, unsigned int))
NOTICE (I3Tray): I3Tray finishing... (I3Tray.cxx:526 in void I3Tray::Execute(bool, unsigned int))
NOTICE (I3Tray): I3Tray finishing... (I3Tray.cxx:526 in void I3Tray::Execute(bool, unsigned int))
NOTICE (I3Tray): I3Tray finishing... (I3Tray.cxx:526 in void I3Tray::Execute(bool, unsigned int))
NOTICE (I3Tray): I3Tray finishing... (I3Tray.cxx:526 in void I3Tray::Execute(bool, unsigned int))
NOTICE (I3Tray): I3Tray finishing... (I3Tray.cxx:526 in void I3Tray::Execute(bool, unsigned int))
NOTICE (I3Tray): I3Tray finishing... (I3Tray.cxx:526 in void I3Tray::Execute(bool, unsigned int))
NOTICE (I3Tray): I3Tray finishing... (I3Tray.cxx:526 in void I3Tray::Execute(bool, unsigned int))
NOTICE (I3Tray): I3Tray finishing... (I3Tray.cxx:526 in void I3Tray::Execute(bool, unsigned int))
NOTICE (I3Tray): I3Tray finishing... (I3Tray.cxx:526 in void I3Tray::Execute(bool, unsigned int))
NOTICE (I3Tray): I3Tray finishing... (I3Tray.cxx:526 in void I3Tray::Execute(bool, unsigned int))
NOTICE (I3Tray): I3Tray finishing... (I3Tray.cxx:526 in void I3Tray::Execute(bool, unsigned int))
NOTICE (I3Tray): I3Tray finishing... (I3Tray.cxx:526 in void I3Tray::Execute(bool, unsigned int))
NOTICE (I3Tray): I3Tray finishing... (I3Tray.cxx:526 in void I3Tray::Execute(bool, unsigned int))
NOTICE (I3Tray): I3Tray finishing... (I3Tray.cxx:526 in void I3Tray::Execute(bool, unsigned int))
NOTICE (I3Tray): I3Tray finishing... (I3Tray.cxx:526 in void I3Tray::Execute(bool, unsigned int))
NOTICE (I3Tray): I3Tray finishing... (I3Tray.cxx:526 in void I3Tray::Execute(bool, unsigned int))
NOTICE (I3Tray): I3Tray finishing... (I3Tray.cxx:526 in void I3Tray::Execute(bool, unsigned int))
NOTICE (I3Tray): I3Tray finishing... (I3Tray.cxx:526 in void I3Tray::Execute(bool, unsigned int))
NOTICE (I3Tray): I3Tray finishing... (I3Tray.cxx:526 in void I3Tray::Execute(bool, unsigned int))
NOTICE (I3Tray): I3Tray finishing... (I3Tray.cxx:526 in void I3Tray::Execute(bool, unsigned int))
NOTICE (I3Tray): I3Tray finishing... (I3Tray.cxx:526 in void I3Tray::Execute(bool, unsigned int))
NOTICE (I3Tray): I3Tray finishing... (I3Tray.cxx:526 in void I3Tray::Execute(bool, unsigned int))
NOTICE (I3Tray): I3Tray finishing... (I3Tray.cxx:526 in void I3Tray::Execute(bool, unsigned int))
NOTICE (I3Tray): I3Tray finishing... (I3Tray.cxx:526 in void I3Tray::Execute(bool, unsigned int))
NOTICE (I3Tray): I3Tray finishing... (I3Tray.cxx:526 in void I3Tray::Execute(bool, unsigned int))
NOTICE (I3Tray): I3Tray finishing... (I3Tray.cxx:526 in void I3Tray::Execute(bool, unsigned int))
NOTICE (I3Tray): I3Tray finishing... (I3Tray.cxx:526 in void I3Tray::Execute(bool, unsigned int))
NOTICE (I3Tray): I3Tray finishing... (I3Tray.cxx:526 in void I3Tray::Execute(bool, unsigned int))
NOTICE (I3Tray): I3Tray finishing... (I3Tray.cxx:526 in void I3Tray::Execute(bool, unsigned int))
NOTICE (I3Tray): I3Tray finishing... (I3Tray.cxx:526 in void I3Tray::Execute(bool, unsigned int))
NOTICE (I3Tray): I3Tray finishing... (I3Tray.cxx:526 in void I3Tray::Execute(bool, unsigned int))
NOTICE (I3Tray): I3Tray finishing... (I3Tray.cxx:526 in void I3Tray::Execute(bool, unsigned int))
NOTICE (I3Tray): I3Tray finishing... (I3Tray.cxx:526 in void I3Tray::Execute(bool, unsigned int))
NOTICE (I3Tray): I3Tray finishing... (I3Tray.cxx:526 in void I3Tray::Execute(bool, unsigned int))
NOTICE (I3Tray): I3Tray finishing... (I3Tray.cxx:526 in void I3Tray::Execute(bool, unsigned int))
NOTICE (I3Tray): I3Tray finishing... (I3Tray.cxx:526 in void I3Tray::Execute(bool, unsigned int))
NOTICE (I3Tray): I3Tray finishing... (I3Tray.cxx:526 in void I3Tray::Execute(bool, unsigned int))
NOTICE (I3Tray): I3Tray finishing... (I3Tray.cxx:526 in void I3Tray::Execute(bool, unsigned int))
NOTICE (I3Tray): I3Tray finishing... (I3Tray.cxx:526 in void I3Tray::Execute(bool, unsigned int))
NOTICE (I3Tray): I3Tray finishing... (I3Tray.cxx:526 in void I3Tray::Execute(bool, unsigned int))
Processing file 43/959: /mnt/research/IceCube/Gupta-Reco/22646/0000000-0000999/FinalLevel_NuMu_NuGenCCNC.022646.000045.i3.zst
Len of pulse frames 43
Length of meta frames 43
Event counts= 331
Processing file 44/959: /mnt/research/IceCube/Gupta-Reco/22646/0000000-0000999/FinalLevel_NuMu_NuGenCCNC.022646.000046.i3.zst
Len of pulse frames 44
Length of meta frames 44
Event counts= 343
Processing file 45/959: /mnt/research/IceCube/Gupta-Reco/22646/0000000-0000999/FinalLevel_NuMu_NuGenCCNC.022646.000047.i3.zst
Len of pulse frames 45
Length of meta frames 45
Event counts= 385
Processing file 46/959: /mnt/research/IceCube/Gupta-Reco/22646/0000000-0000999/FinalLevel_NuMu_NuGenCCNC.022646.000048.i3.zst
Len of pulse frames 46
Length of meta frames 46
Event counts= 373
Processing file 47/959: /mnt/research/IceCube/Gupta-Reco/22646/0000000-0000999/FinalLevel_NuMu_NuGenCCNC.022646.000049.i3.zst
Len of pulse frames 47
Length of meta frames 47
Event counts= 361
Processing file 48/959: /mnt/research/IceCube/Gupta-Reco/22646/0000000-0000999/FinalLevel_NuMu_NuGenCCNC.022646.000050.i3.zst
Error
Not a CC interaction. Skip!
Len of pulse frames 48
Length of meta frames 48
Event counts= 374
Processing file 49/959: /mnt/research/IceCube/Gupta-Reco/22646/0000000-0000999/FinalLevel_NuMu_NuGenCCNC.022646.000051.i3.zst
Len of pulse frames 49
Length of meta frames 49
Event counts= 384
Processing file 50/959: /mnt/research/IceCube/Gupta-Reco/22646/0000000-0000999/FinalLevel_NuMu_NuGenCCNC.022646.000052.i3.zst
Len of pulse frames 50
Length of meta frames 50
Event counts= 375
Processing file 51/959: /mnt/research/IceCube/Gupta-Reco/22646/0000000-0000999/FinalLevel_NuMu_NuGenCCNC.022646.000053.i3.zst
Len of pulse frames 51
Length of meta frames 51
Event counts= 357
Processing file 52/959: /mnt/research/IceCube/Gupta-Reco/22646/0000000-0000999/FinalLevel_NuMu_NuGenCCNC.022646.000054.i3.zst
Len of pulse frames 52
Length of meta frames 52
Event counts= 390
Processing file 53/959: /mnt/research/IceCube/Gupta-Reco/22646/0000000-0000999/FinalLevel_NuMu_NuGenCCNC.022646.000055.i3.zst
Len of pulse frames 53
Length of meta frames 53
Event counts= 372
Processing file 54/959: /mnt/research/IceCube/Gupta-Reco/22646/0000000-0000999/FinalLevel_NuMu_NuGenCCNC.022646.000056.i3.zst
Len of pulse frames 54
Length of meta frames 54
Event counts= 384
Processing file 55/959: /mnt/research/IceCube/Gupta-Reco/22646/0000000-0000999/FinalLevel_NuMu_NuGenCCNC.022646.000057.i3.zst
Len of pulse frames 55
Length of meta frames 55
Event counts= 379
Processing file 56/959: /mnt/research/IceCube/Gupta-Reco/22646/0000000-0000999/FinalLevel_NuMu_NuGenCCNC.022646.000058.i3.zst
Len of pulse frames 56
Length of meta frames 56
Event counts= 381
Processing file 57/959: /mnt/research/IceCube/Gupta-Reco/22646/0000000-0000999/FinalLevel_NuMu_NuGenCCNC.022646.000059.i3.zst
Len of pulse frames 57
Length of meta frames 57
Event counts= 329
Processing file 58/959: /mnt/research/IceCube/Gupta-Reco/22646/0000000-0000999/FinalLevel_NuMu_NuGenCCNC.022646.000060.i3.zst
Len of pulse frames 58
Length of meta frames 58
Event counts= 400
Processing file 59/959: /mnt/research/IceCube/Gupta-Reco/22646/0000000-0000999/FinalLevel_NuMu_NuGenCCNC.022646.000061.i3.zst
Len of pulse frames 59
Length of meta frames 59
Event counts= 375
Processing file 60/959: /mnt/research/IceCube/Gupta-Reco/22646/0000000-0000999/FinalLevel_NuMu_NuGenCCNC.022646.000062.i3.zst
Len of pulse frames 60
Length of meta frames 60
Event counts= 366
Processing file 61/959: /mnt/research/IceCube/Gupta-Reco/22646/0000000-0000999/FinalLevel_NuMu_NuGenCCNC.022646.000063.i3.zst
Len of pulse frames 61
Length of meta frames 61
Event counts= 392
Processing file 62/959: /mnt/research/IceCube/Gupta-Reco/22646/0000000-0000999/FinalLevel_NuMu_NuGenCCNC.022646.000064.i3.zst
Len of pulse frames 62
Length of meta frames 62
Event counts= 372
Processing file 63/959: /mnt/research/IceCube/Gupta-Reco/22646/0000000-0000999/FinalLevel_NuMu_NuGenCCNC.022646.000065.i3.zst
Len of pulse frames 63
Length of meta frames 63
Event counts= 344
Processing file 64/959: /mnt/research/IceCube/Gupta-Reco/22646/0000000-0000999/FinalLevel_NuMu_NuGenCCNC.022646.000066.i3.zst
Len of pulse frames 64
Length of meta frames 64
Event counts= 387
Processing file 65/959: /mnt/research/IceCube/Gupta-Reco/22646/0000000-0000999/FinalLevel_NuMu_NuGenCCNC.022646.000067.i3.zst
Len of pulse frames 65
Length of meta frames 65
Event counts= 369
Processing file 66/959: /mnt/research/IceCube/Gupta-Reco/22646/0000000-0000999/FinalLevel_NuMu_NuGenCCNC.022646.000069.i3.zst
Len of pulse frames 66
Length of meta frames 66
Event counts= 362
Processing file 67/959: /mnt/research/IceCube/Gupta-Reco/22646/0000000-0000999/FinalLevel_NuMu_NuGenCCNC.022646.000070.i3.zst
Len of pulse frames 67
Length of meta frames 67
Event counts= 358
Processing file 68/959: /mnt/research/IceCube/Gupta-Reco/22646/0000000-0000999/FinalLevel_NuMu_NuGenCCNC.022646.000071.i3.zst
Len of pulse frames 68
Length of meta frames 68
Event counts= 343
Processing file 69/959: /mnt/research/IceCube/Gupta-Reco/22646/0000000-0000999/FinalLevel_NuMu_NuGenCCNC.022646.000072.i3.zst
Len of pulse frames 69
Length of meta frames 69
Event counts= 404
Processing file 70/959: /mnt/research/IceCube/Gupta-Reco/22646/0000000-0000999/FinalLevel_NuMu_NuGenCCNC.022646.000073.i3.zst
Len of pulse frames 70
Length of meta frames 70
Event counts= 366
Processing file 71/959: /mnt/research/IceCube/Gupta-Reco/22646/0000000-0000999/FinalLevel_NuMu_NuGenCCNC.022646.000074.i3.zst
Len of pulse frames 71
Length of meta frames 71
Event counts= 367
Processing file 72/959: /mnt/research/IceCube/Gupta-Reco/22646/0000000-0000999/FinalLevel_NuMu_NuGenCCNC.022646.000075.i3.zst
Len of pulse frames 72
Length of meta frames 72
Event counts= 372
Processing file 73/959: /mnt/research/IceCube/Gupta-Reco/22646/0000000-0000999/FinalLevel_NuMu_NuGenCCNC.022646.000076.i3.zst
Len of pulse frames 73
Length of meta frames 73
Event counts= 357
Processing file 74/959: /mnt/research/IceCube/Gupta-Reco/22646/0000000-0000999/FinalLevel_NuMu_NuGenCCNC.022646.000077.i3.zst
Len of pulse frames 74
Length of meta frames 74
Event counts= 373
Processing file 75/959: /mnt/research/IceCube/Gupta-Reco/22646/0000000-0000999/FinalLevel_NuMu_NuGenCCNC.022646.000078.i3.zst
Len of pulse frames 75
Length of meta frames 75
Event counts= 372
Processing file 76/959: /mnt/research/IceCube/Gupta-Reco/22646/0000000-0000999/FinalLevel_NuMu_NuGenCCNC.022646.000079.i3.zst
Len of pulse frames 76
Length of meta frames 76
Event counts= 353
Processing file 77/959: /mnt/research/IceCube/Gupta-Reco/22646/0000000-0000999/FinalLevel_NuMu_NuGenCCNC.022646.000080.i3.zst
Len of pulse frames 77
Length of meta frames 77
Event counts= 345
Processing file 78/959: /mnt/research/IceCube/Gupta-Reco/22646/0000000-0000999/FinalLevel_NuMu_NuGenCCNC.022646.000081.i3.zst
Len of pulse frames 78
Length of meta frames 78
Event counts= 340
Processing file 79/959: /mnt/research/IceCube/Gupta-Reco/22646/0000000-0000999/FinalLevel_NuMu_NuGenCCNC.022646.000082.i3.zst
Len of pulse frames 79
Length of meta frames 79
Event counts= 340
Processing file 80/959: /mnt/research/IceCube/Gupta-Reco/22646/0000000-0000999/FinalLevel_NuMu_NuGenCCNC.022646.000083.i3.zst
Len of pulse frames 80
Length of meta frames 80
Event counts= 372
Processing file 81/959: /mnt/research/IceCube/Gupta-Reco/22646/0000000-0000999/FinalLevel_NuMu_NuGenCCNC.022646.000084.i3.zst
Len of pulse frames 81
Length of meta frames 81
Event counts= 350
Processing file 82/959: /mnt/research/IceCube/Gupta-Reco/22646/0000000-0000999/FinalLevel_NuMu_NuGenCCNC.022646.000085.i3.zst
Len of pulse frames 82
Length of meta frames 82
Event counts= 364
Processing file 83/959: /mnt/research/IceCube/Gupta-Reco/22646/0000000-0000999/FinalLevel_NuMu_NuGenCCNC.022646.000086.i3.zst
Len of pulse frames 83
Length of meta frames 83
Event counts= 352
Processing file 84/959: /mnt/research/IceCube/Gupta-Reco/22646/0000000-0000999/FinalLevel_NuMu_NuGenCCNC.022646.000087.i3.zst
Len of pulse frames 84
Length of meta frames 84
Event counts= 347
NOTICE (I3Tray): I3Tray finishing... (I3Tray.cxx:526 in void I3Tray::Execute(bool, unsigned int))
NOTICE (I3Tray): I3Tray finishing... (I3Tray.cxx:526 in void I3Tray::Execute(bool, unsigned int))
NOTICE (I3Tray): I3Tray finishing... (I3Tray.cxx:526 in void I3Tray::Execute(bool, unsigned int))
NOTICE (I3Tray): I3Tray finishing... (I3Tray.cxx:526 in void I3Tray::Execute(bool, unsigned int))
NOTICE (I3Tray): I3Tray finishing... (I3Tray.cxx:526 in void I3Tray::Execute(bool, unsigned int))
NOTICE (I3Tray): I3Tray finishing... (I3Tray.cxx:526 in void I3Tray::Execute(bool, unsigned int))
NOTICE (I3Tray): I3Tray finishing... (I3Tray.cxx:526 in void I3Tray::Execute(bool, unsigned int))
NOTICE (I3Tray): I3Tray finishing... (I3Tray.cxx:526 in void I3Tray::Execute(bool, unsigned int))
NOTICE (I3Tray): I3Tray finishing... (I3Tray.cxx:526 in void I3Tray::Execute(bool, unsigned int))
NOTICE (I3Tray): I3Tray finishing... (I3Tray.cxx:526 in void I3Tray::Execute(bool, unsigned int))
NOTICE (I3Tray): I3Tray finishing... (I3Tray.cxx:526 in void I3Tray::Execute(bool, unsigned int))
NOTICE (I3Tray): I3Tray finishing... (I3Tray.cxx:526 in void I3Tray::Execute(bool, unsigned int))
NOTICE (I3Tray): I3Tray finishing... (I3Tray.cxx:526 in void I3Tray::Execute(bool, unsigned int))
NOTICE (I3Tray): I3Tray finishing... (I3Tray.cxx:526 in void I3Tray::Execute(bool, unsigned int))
NOTICE (I3Tray): I3Tray finishing... (I3Tray.cxx:526 in void I3Tray::Execute(bool, unsigned int))
NOTICE (I3Tray): I3Tray finishing... (I3Tray.cxx:526 in void I3Tray::Execute(bool, unsigned int))
NOTICE (I3Tray): I3Tray finishing... (I3Tray.cxx:526 in void I3Tray::Execute(bool, unsigned int))
NOTICE (I3Tray): I3Tray finishing... (I3Tray.cxx:526 in void I3Tray::Execute(bool, unsigned int))
NOTICE (I3Tray): I3Tray finishing... (I3Tray.cxx:526 in void I3Tray::Execute(bool, unsigned int))
NOTICE (I3Tray): I3Tray finishing... (I3Tray.cxx:526 in void I3Tray::Execute(bool, unsigned int))
NOTICE (I3Tray): I3Tray finishing... (I3Tray.cxx:526 in void I3Tray::Execute(bool, unsigned int))
NOTICE (I3Tray): I3Tray finishing... (I3Tray.cxx:526 in void I3Tray::Execute(bool, unsigned int))
NOTICE (I3Tray): I3Tray finishing... (I3Tray.cxx:526 in void I3Tray::Execute(bool, unsigned int))
NOTICE (I3Tray): I3Tray finishing... (I3Tray.cxx:526 in void I3Tray::Execute(bool, unsigned int))
NOTICE (I3Tray): I3Tray finishing... (I3Tray.cxx:526 in void I3Tray::Execute(bool, unsigned int))
NOTICE (I3Tray): I3Tray finishing... (I3Tray.cxx:526 in void I3Tray::Execute(bool, unsigned int))
NOTICE (I3Tray): I3Tray finishing... (I3Tray.cxx:526 in void I3Tray::Execute(bool, unsigned int))
NOTICE (I3Tray): I3Tray finishing... (I3Tray.cxx:526 in void I3Tray::Execute(bool, unsigned int))
NOTICE (I3Tray): I3Tray finishing... (I3Tray.cxx:526 in void I3Tray::Execute(bool, unsigned int))
NOTICE (I3Tray): I3Tray finishing... (I3Tray.cxx:526 in void I3Tray::Execute(bool, unsigned int))
NOTICE (I3Tray): I3Tray finishing... (I3Tray.cxx:526 in void I3Tray::Execute(bool, unsigned int))
NOTICE (I3Tray): I3Tray finishing... (I3Tray.cxx:526 in void I3Tray::Execute(bool, unsigned int))
NOTICE (I3Tray): I3Tray finishing... (I3Tray.cxx:526 in void I3Tray::Execute(bool, unsigned int))
NOTICE (I3Tray): I3Tray finishing... (I3Tray.cxx:526 in void I3Tray::Execute(bool, unsigned int))
NOTICE (I3Tray): I3Tray finishing... (I3Tray.cxx:526 in void I3Tray::Execute(bool, unsigned int))
NOTICE (I3Tray): I3Tray finishing... (I3Tray.cxx:526 in void I3Tray::Execute(bool, unsigned int))
NOTICE (I3Tray): I3Tray finishing... (I3Tray.cxx:526 in void I3Tray::Execute(bool, unsigned int))
NOTICE (I3Tray): I3Tray finishing... (I3Tray.cxx:526 in void I3Tray::Execute(bool, unsigned int))
NOTICE (I3Tray): I3Tray finishing... (I3Tray.cxx:526 in void I3Tray::Execute(bool, unsigned int))
NOTICE (I3Tray): I3Tray finishing... (I3Tray.cxx:526 in void I3Tray::Execute(bool, unsigned int))
NOTICE (I3Tray): I3Tray finishing... (I3Tray.cxx:526 in void I3Tray::Execute(bool, unsigned int))
NOTICE (I3Tray): I3Tray finishing... (I3Tray.cxx:526 in void I3Tray::Execute(bool, unsigned int))
Processing file 85/959: /mnt/research/IceCube/Gupta-Reco/22646/0000000-0000999/FinalLevel_NuMu_NuGenCCNC.022646.000088.i3.zst
Len of pulse frames 85
Length of meta frames 85
Event counts= 391
Processing file 86/959: /mnt/research/IceCube/Gupta-Reco/22646/0000000-0000999/FinalLevel_NuMu_NuGenCCNC.022646.000089.i3.zst
Len of pulse frames 86
Length of meta frames 86
Event counts= 352
Processing file 87/959: /mnt/research/IceCube/Gupta-Reco/22646/0000000-0000999/FinalLevel_NuMu_NuGenCCNC.022646.000090.i3.zst
Len of pulse frames 87
Length of meta frames 87
Event counts= 392
Processing file 88/959: /mnt/research/IceCube/Gupta-Reco/22646/0000000-0000999/FinalLevel_NuMu_NuGenCCNC.022646.000091.i3.zst
Len of pulse frames 88
Length of meta frames 88
Event counts= 389
Processing file 89/959: /mnt/research/IceCube/Gupta-Reco/22646/0000000-0000999/FinalLevel_NuMu_NuGenCCNC.022646.000092.i3.zst
Len of pulse frames 89
Length of meta frames 89
Event counts= 355
Processing file 90/959: /mnt/research/IceCube/Gupta-Reco/22646/0000000-0000999/FinalLevel_NuMu_NuGenCCNC.022646.000093.i3.zst
Len of pulse frames 90
Length of meta frames 90
Event counts= 348
Processing file 91/959: /mnt/research/IceCube/Gupta-Reco/22646/0000000-0000999/FinalLevel_NuMu_NuGenCCNC.022646.000094.i3.zst
Len of pulse frames 91
Length of meta frames 91
Event counts= 347
Processing file 92/959: /mnt/research/IceCube/Gupta-Reco/22646/0000000-0000999/FinalLevel_NuMu_NuGenCCNC.022646.000095.i3.zst
Len of pulse frames 92
Length of meta frames 92
Event counts= 356
Processing file 93/959: /mnt/research/IceCube/Gupta-Reco/22646/0000000-0000999/FinalLevel_NuMu_NuGenCCNC.022646.000096.i3.zst
Len of pulse frames 93
Length of meta frames 93
Event counts= 355
Processing file 94/959: /mnt/research/IceCube/Gupta-Reco/22646/0000000-0000999/FinalLevel_NuMu_NuGenCCNC.022646.000097.i3.zst
Len of pulse frames 94
Length of meta frames 94
Event counts= 370
Processing file 95/959: /mnt/research/IceCube/Gupta-Reco/22646/0000000-0000999/FinalLevel_NuMu_NuGenCCNC.022646.000098.i3.zst
Len of pulse frames 95
Length of meta frames 95
Event counts= 374
Processing file 96/959: /mnt/research/IceCube/Gupta-Reco/22646/0000000-0000999/FinalLevel_NuMu_NuGenCCNC.022646.000099.i3.zst
Len of pulse frames 96
Length of meta frames 96
Event counts= 321
Processing file 97/959: /mnt/research/IceCube/Gupta-Reco/22646/0000000-0000999/FinalLevel_NuMu_NuGenCCNC.022646.000100.i3.zst
Error
Not a CC interaction. Skip!
Len of pulse frames 97
Length of meta frames 97
Event counts= 355
Processing file 98/959: /mnt/research/IceCube/Gupta-Reco/22646/0000000-0000999/FinalLevel_NuMu_NuGenCCNC.022646.000101.i3.zst
Len of pulse frames 98
Length of meta frames 98
Event counts= 360
Processing file 99/959: /mnt/research/IceCube/Gupta-Reco/22646/0000000-0000999/FinalLevel_NuMu_NuGenCCNC.022646.000102.i3.zst
Len of pulse frames 99
Length of meta frames 99
Event counts= 382
Processing file 100/959: /mnt/research/IceCube/Gupta-Reco/22646/0000000-0000999/FinalLevel_NuMu_NuGenCCNC.022646.000103.i3.zst
Len of pulse frames 100
Length of meta frames 100
Event counts= 343
Processing file 101/959: /mnt/research/IceCube/Gupta-Reco/22646/0000000-0000999/FinalLevel_NuMu_NuGenCCNC.022646.000104.i3.zst
Len of pulse frames 101
Length of meta frames 101
Event counts= 375
Processing file 102/959: /mnt/research/IceCube/Gupta-Reco/22646/0000000-0000999/FinalLevel_NuMu_NuGenCCNC.022646.000105.i3.zst
Len of pulse frames 102
Length of meta frames 102
Event counts= 348
Processing file 103/959: /mnt/research/IceCube/Gupta-Reco/22646/0000000-0000999/FinalLevel_NuMu_NuGenCCNC.022646.000106.i3.zst
Len of pulse frames 103
Length of meta frames 103
Event counts= 386
Processing file 104/959: /mnt/research/IceCube/Gupta-Reco/22646/0000000-0000999/FinalLevel_NuMu_NuGenCCNC.022646.000107.i3.zst
Len of pulse frames 104
Length of meta frames 104
Event counts= 385
Processing file 105/959: /mnt/research/IceCube/Gupta-Reco/22646/0000000-0000999/FinalLevel_NuMu_NuGenCCNC.022646.000108.i3.zst
Len of pulse frames 105
Length of meta frames 105
Event counts= 355
Processing file 106/959: /mnt/research/IceCube/Gupta-Reco/22646/0000000-0000999/FinalLevel_NuMu_NuGenCCNC.022646.000109.i3.zst
Len of pulse frames 106
Length of meta frames 106
Event counts= 335
Processing file 107/959: /mnt/research/IceCube/Gupta-Reco/22646/0000000-0000999/FinalLevel_NuMu_NuGenCCNC.022646.000110.i3.zst
Len of pulse frames 107
Length of meta frames 107
Event counts= 340
Processing file 108/959: /mnt/research/IceCube/Gupta-Reco/22646/0000000-0000999/FinalLevel_NuMu_NuGenCCNC.022646.000111.i3.zst
Len of pulse frames 108
Length of meta frames 108
Event counts= 406
Processing file 109/959: /mnt/research/IceCube/Gupta-Reco/22646/0000000-0000999/FinalLevel_NuMu_NuGenCCNC.022646.000112.i3.zst
Len of pulse frames 109
Length of meta frames 109
Event counts= 345
Processing file 110/959: /mnt/research/IceCube/Gupta-Reco/22646/0000000-0000999/FinalLevel_NuMu_NuGenCCNC.022646.000113.i3.zst
Len of pulse frames 110
Length of meta frames 110
Event counts= 390
Processing file 111/959: /mnt/research/IceCube/Gupta-Reco/22646/0000000-0000999/FinalLevel_NuMu_NuGenCCNC.022646.000114.i3.zst
Len of pulse frames 111
Length of meta frames 111
Event counts= 374
Processing file 112/959: /mnt/research/IceCube/Gupta-Reco/22646/0000000-0000999/FinalLevel_NuMu_NuGenCCNC.022646.000115.i3.zst
Len of pulse frames 112
Length of meta frames 112
Event counts= 336
Processing file 113/959: /mnt/research/IceCube/Gupta-Reco/22646/0000000-0000999/FinalLevel_NuMu_NuGenCCNC.022646.000116.i3.zst
Len of pulse frames 113
Length of meta frames 113
Event counts= 368
Processing file 114/959: /mnt/research/IceCube/Gupta-Reco/22646/0000000-0000999/FinalLevel_NuMu_NuGenCCNC.022646.000117.i3.zst
Len of pulse frames 114
Length of meta frames 114
Event counts= 376
Processing file 115/959: /mnt/research/IceCube/Gupta-Reco/22646/0000000-0000999/FinalLevel_NuMu_NuGenCCNC.022646.000118.i3.zst
Len of pulse frames 115
Length of meta frames 115
Event counts= 366
Processing file 116/959: /mnt/research/IceCube/Gupta-Reco/22646/0000000-0000999/FinalLevel_NuMu_NuGenCCNC.022646.000119.i3.zst
Len of pulse frames 116
Length of meta frames 116
Event counts= 334
Processing file 117/959: /mnt/research/IceCube/Gupta-Reco/22646/0000000-0000999/FinalLevel_NuMu_NuGenCCNC.022646.000121.i3.zst
Len of pulse frames 117
Length of meta frames 117
Event counts= 378
Processing file 118/959: /mnt/research/IceCube/Gupta-Reco/22646/0000000-0000999/FinalLevel_NuMu_NuGenCCNC.022646.000122.i3.zst
Len of pulse frames 118
Length of meta frames 118
Event counts= 365
Processing file 119/959: /mnt/research/IceCube/Gupta-Reco/22646/0000000-0000999/FinalLevel_NuMu_NuGenCCNC.022646.000123.i3.zst
Len of pulse frames 119
Length of meta frames 119
Event counts= 380
Processing file 120/959: /mnt/research/IceCube/Gupta-Reco/22646/0000000-0000999/FinalLevel_NuMu_NuGenCCNC.022646.000124.i3.zst
Len of pulse frames 120
Length of meta frames 120
Event counts= 359
Processing file 121/959: /mnt/research/IceCube/Gupta-Reco/22646/0000000-0000999/FinalLevel_NuMu_NuGenCCNC.022646.000125.i3.zst
Len of pulse frames 121
Length of meta frames 121
Event counts= 389
Processing file 122/959: /mnt/research/IceCube/Gupta-Reco/22646/0000000-0000999/FinalLevel_NuMu_NuGenCCNC.022646.000126.i3.zst
Len of pulse frames 122
Length of meta frames 122
Event counts= 352
Processing file 123/959: /mnt/research/IceCube/Gupta-Reco/22646/0000000-0000999/FinalLevel_NuMu_NuGenCCNC.022646.000127.i3.zst
Len of pulse frames 123
Length of meta frames 123
Event counts= 322
Processing file 124/959: /mnt/research/IceCube/Gupta-Reco/22646/0000000-0000999/FinalLevel_NuMu_NuGenCCNC.022646.000128.i3.zst
Len of pulse frames 124
Length of meta frames 124
Event counts= 380
Processing file 125/959: /mnt/research/IceCube/Gupta-Reco/22646/0000000-0000999/FinalLevel_NuMu_NuGenCCNC.022646.000129.i3.zst
Len of pulse frames 125
Length of meta frames 125
Event counts= 371
Processing file 126/959: /mnt/research/IceCube/Gupta-Reco/22646/0000000-0000999/FinalLevel_NuMu_NuGenCCNC.022646.000130.i3.zst
Len of pulse frames 126
Length of meta frames 126
Event counts= 381
NOTICE (I3Tray): I3Tray finishing... (I3Tray.cxx:526 in void I3Tray::Execute(bool, unsigned int))
NOTICE (I3Tray): I3Tray finishing... (I3Tray.cxx:526 in void I3Tray::Execute(bool, unsigned int))
NOTICE (I3Tray): I3Tray finishing... (I3Tray.cxx:526 in void I3Tray::Execute(bool, unsigned int))
NOTICE (I3Tray): I3Tray finishing... (I3Tray.cxx:526 in void I3Tray::Execute(bool, unsigned int))
