****************************************************************
You are currently in a shell with an Icetray environment loaded.
Please exit the current shell and re-run /cvmfs/icecube.opensciencegrid.org/py3-v4.3.0/Ubuntu_22.04_x86_64/metaprojects/icetray/v1.9.2/env-shell.sh from a clean shell.
****************************************************************
Environment not (re)loaded.
NOTICE (I3Tray): I3Tray finishing... (I3Tray.cxx:526 in void I3Tray::Execute(bool, unsigned int))
NOTICE (I3Tray): I3Tray finishing... (I3Tray.cxx:526 in void I3Tray::Execute(bool, unsigned int))
NOTICE (I3Tray): I3Tray finishing... (I3Tray.cxx:526 in void I3Tray::Execute(bool, unsigned int))
NOTICE (I3Tray): I3Tray finishing... (I3Tray.cxx:526 in void I3Tray::Execute(bool, unsigned int))
NOTICE (I3Tray): I3Tray finishing... (I3Tray.cxx:526 in void I3Tray::Execute(bool, unsigned int))
NOTICE (I3Tray): I3Tray finishing... (I3Tray.cxx:526 in void I3Tray::Execute(bool, unsigned int))
NOTICE (I3Tray): I3Tray finishing... (I3Tray.cxx:526 in void I3Tray::Execute(bool, unsigned int))
NOTICE (I3Tray): I3Tray finishing... (I3Tray.cxx:526 in void I3Tray::Execute(bool, unsigned int))
NOTICE (I3Tray): I3Tray finishing... (I3Tray.cxx:526 in void I3Tray::Execute(bool, unsigned int))
NOTICE (I3Tray): I3Tray finishing... (I3Tray.cxx:526 in void I3Tray::Execute(bool, unsigned int))
NOTICE (I3Tray): I3Tray finishing... (I3Tray.cxx:526 in void I3Tray::Execute(bool, unsigned int))
NOTICE (I3Tray): I3Tray finishing... (I3Tray.cxx:526 in void I3Tray::Execute(bool, unsigned int))
NOTICE (I3Tray): I3Tray finishing... (I3Tray.cxx:526 in void I3Tray::Execute(bool, unsigned int))
NOTICE (I3Tray): I3Tray finishing... (I3Tray.cxx:526 in void I3Tray::Execute(bool, unsigned int))
NOTICE (I3Tray): I3Tray finishing... (I3Tray.cxx:526 in void I3Tray::Execute(bool, unsigned int))
NOTICE (I3Tray): I3Tray finishing... (I3Tray.cxx:526 in void I3Tray::Execute(bool, unsigned int))
NOTICE (I3Tray): I3Tray finishing... (I3Tray.cxx:526 in void I3Tray::Execute(bool, unsigned int))
NOTICE (I3Tray): I3Tray finishing... (I3Tray.cxx:526 in void I3Tray::Execute(bool, unsigned int))
NOTICE (I3Tray): I3Tray finishing... (I3Tray.cxx:526 in void I3Tray::Execute(bool, unsigned int))
NOTICE (I3Tray): I3Tray finishing... (I3Tray.cxx:526 in void I3Tray::Execute(bool, unsigned int))
NOTICE (I3Tray): I3Tray finishing... (I3Tray.cxx:526 in void I3Tray::Execute(bool, unsigned int))
NOTICE (I3Tray): I3Tray finishing... (I3Tray.cxx:526 in void I3Tray::Execute(bool, unsigned int))
NOTICE (I3Tray): I3Tray finishing... (I3Tray.cxx:526 in void I3Tray::Execute(bool, unsigned int))
NOTICE (I3Tray): I3Tray finishing... (I3Tray.cxx:526 in void I3Tray::Execute(bool, unsigned int))
NOTICE (I3Tray): I3Tray finishing... (I3Tray.cxx:526 in void I3Tray::Execute(bool, unsigned int))
NOTICE (I3Tray): I3Tray finishing... (I3Tray.cxx:526 in void I3Tray::Execute(bool, unsigned int))
NOTICE (I3Tray): I3Tray finishing... (I3Tray.cxx:526 in void I3Tray::Execute(bool, unsigned int))
NOTICE (I3Tray): I3Tray finishing... (I3Tray.cxx:526 in void I3Tray::Execute(bool, unsigned int))
NOTICE (I3Tray): I3Tray finishing... (I3Tray.cxx:526 in void I3Tray::Execute(bool, unsigned int))
NOTICE (I3Tray): I3Tray finishing... (I3Tray.cxx:526 in void I3Tray::Execute(bool, unsigned int))
NOTICE (I3Tray): I3Tray finishing... (I3Tray.cxx:526 in void I3Tray::Execute(bool, unsigned int))
NOTICE (I3Tray): I3Tray finishing... (I3Tray.cxx:526 in void I3Tray::Execute(bool, unsigned int))
NOTICE (I3Tray): I3Tray finishing... (I3Tray.cxx:526 in void I3Tray::Execute(bool, unsigned int))
NOTICE (I3Tray): I3Tray finishing... (I3Tray.cxx:526 in void I3Tray::Execute(bool, unsigned int))
NOTICE (I3Tray): I3Tray finishing... (I3Tray.cxx:526 in void I3Tray::Execute(bool, unsigned int))
NOTICE (I3Tray): I3Tray finishing... (I3Tray.cxx:526 in void I3Tray::Execute(bool, unsigned int))
NOTICE (I3Tray): I3Tray finishing... (I3Tray.cxx:526 in void I3Tray::Execute(bool, unsigned int))
NOTICE (I3Tray): I3Tray finishing... (I3Tray.cxx:526 in void I3Tray::Execute(bool, unsigned int))
NOTICE (I3Tray): I3Tray finishing... (I3Tray.cxx:526 in void I3Tray::Execute(bool, unsigned int))
NOTICE (I3Tray): I3Tray finishing... (I3Tray.cxx:526 in void I3Tray::Execute(bool, unsigned int))
NOTICE (I3Tray): I3Tray finishing... (I3Tray.cxx:526 in void I3Tray::Execute(bool, unsigned int))
