****************************************************************
You are currently in a shell with an Icetray environment loaded.
Please exit the current shell and re-run /cvmfs/icecube.opensciencegrid.org/py3-v4.3.0/Ubuntu_22.04_x86_64/metaprojects/icetray/v1.9.2/env-shell.sh from a clean shell.
****************************************************************
Environment not (re)loaded.
NOTICE (I3Tray): I3Tray finishing... (I3Tray.cxx:526 in void I3Tray::Execute(bool, unsigned int))
NOTICE (I3Tray): I3Tray finishing... (I3Tray.cxx:526 in void I3Tray::Execute(bool, unsigned int))
NOTICE (I3Tray): I3Tray finishing... (I3Tray.cxx:526 in void I3Tray::Execute(bool, unsigned int))
NOTICE (I3Tray): I3Tray finishing... (I3Tray.cxx:526 in void I3Tray::Execute(bool, unsigned int))
NOTICE (I3Tray): I3Tray finishing... (I3Tray.cxx:526 in void I3Tray::Execute(bool, unsigned int))
NOTICE (I3Tray): I3Tray finishing... (I3Tray.cxx:526 in void I3Tray::Execute(bool, unsigned int))
NOTICE (I3Tray): I3Tray finishing... (I3Tray.cxx:526 in void I3Tray::Execute(bool, unsigned int))
NOTICE (I3Tray): I3Tray finishing... (I3Tray.cxx:526 in void I3Tray::Execute(bool, unsigned int))
NOTICE (I3Tray): I3Tray finishing... (I3Tray.cxx:526 in void I3Tray::Execute(bool, unsigned int))
NOTICE (I3Tray): I3Tray finishing... (I3Tray.cxx:526 in void I3Tray::Execute(bool, unsigned int))
NOTICE (I3Tray): I3Tray finishing... (I3Tray.cxx:526 in void I3Tray::Execute(bool, unsigned int))
NOTICE (I3Tray): I3Tray finishing... (I3Tray.cxx:526 in void I3Tray::Execute(bool, unsigned int))
NOTICE (I3Tray): I3Tray finishing... (I3Tray.cxx:526 in void I3Tray::Execute(bool, unsigned int))
NOTICE (I3Tray): I3Tray finishing... (I3Tray.cxx:526 in void I3Tray::Execute(bool, unsigned int))
NOTICE (I3Tray): I3Tray finishing... (I3Tray.cxx:526 in void I3Tray::Execute(bool, unsigned int))
NOTICE (I3Tray): I3Tray finishing... (I3Tray.cxx:526 in void I3Tray::Execute(bool, unsigned int))
NOTICE (I3Tray): I3Tray finishing... (I3Tray.cxx:526 in void I3Tray::Execute(bool, unsigned int))
NOTICE (I3Tray): I3Tray finishing... (I3Tray.cxx:526 in void I3Tray::Execute(bool, unsigned int))
NOTICE (I3Tray): I3Tray finishing... (I3Tray.cxx:526 in void I3Tray::Execute(bool, unsigned int))
NOTICE (I3Tray): I3Tray finishing... (I3Tray.cxx:526 in void I3Tray::Execute(bool, unsigned int))
NOTICE (I3Tray): I3Tray finishing... (I3Tray.cxx:526 in void I3Tray::Execute(bool, unsigned int))
NOTICE (I3Tray): I3Tray finishing... (I3Tray.cxx:526 in void I3Tray::Execute(bool, unsigned int))
NOTICE (I3Tray): I3Tray finishing... (I3Tray.cxx:526 in void I3Tray::Execute(bool, unsigned int))
NOTICE (I3Tray): I3Tray finishing... (I3Tray.cxx:526 in void I3Tray::Execute(bool, unsigned int))
NOTICE (I3Tray): I3Tray finishing... (I3Tray.cxx:526 in void I3Tray::Execute(bool, unsigned int))
NOTICE (I3Tray): I3Tray finishing... (I3Tray.cxx:526 in void I3Tray::Execute(bool, unsigned int))
NOTICE (I3Tray): I3Tray finishing... (I3Tray.cxx:526 in void I3Tray::Execute(bool, unsigned int))
NOTICE (I3Tray): I3Tray finishing... (I3Tray.cxx:526 in void I3Tray::Execute(bool, unsigned int))
NOTICE (I3Tray): I3Tray finishing... (I3Tray.cxx:526 in void I3Tray::Execute(bool, unsigned int))
NOTICE (I3Tray): I3Tray finishing... (I3Tray.cxx:526 in void I3Tray::Execute(bool, unsigned int))
NOTICE (I3Tray): I3Tray finishing... (I3Tray.cxx:526 in void I3Tray::Execute(bool, unsigned int))
NOTICE (I3Tray): I3Tray finishing... (I3Tray.cxx:526 in void I3Tray::Execute(bool, unsigned int))
NOTICE (I3Tray): I3Tray finishing... (I3Tray.cxx:526 in void I3Tray::Execute(bool, unsigned int))
NOTICE (I3Tray): I3Tray finishing... (I3Tray.cxx:526 in void I3Tray::Execute(bool, unsigned int))
NOTICE (I3Tray): I3Tray finishing... (I3Tray.cxx:526 in void I3Tray::Execute(bool, unsigned int))
NOTICE (I3Tray): I3Tray finishing... (I3Tray.cxx:526 in void I3Tray::Execute(bool, unsigned int))
NOTICE (I3Tray): I3Tray finishing... (I3Tray.cxx:526 in void I3Tray::Execute(bool, unsigned int))
NOTICE (I3Tray): I3Tray finishing... (I3Tray.cxx:526 in void I3Tray::Execute(bool, unsigned int))
NOTICE (I3Tray): I3Tray finishing... (I3Tray.cxx:526 in void I3Tray::Execute(bool, unsigned int))
NOTICE (I3Tray): I3Tray finishing... (I3Tray.cxx:526 in void I3Tray::Execute(bool, unsigned int))
NOTICE (I3Tray): I3Tray finishing... (I3Tray.cxx:526 in void I3Tray::Execute(bool, unsigned int))
NOTICE (I3Tray): I3Tray finishing... (I3Tray.cxx:526 in void I3Tray::Execute(bool, unsigned int))
Found 959 files matching pattern /mnt/research/IceCube/Gupta-Reco/22646/0000000-0000999/FinalLevel_NuMu_NuGenCCNC.022646*
Processing file 1/959: /mnt/research/IceCube/Gupta-Reco/22646/0000000-0000999/FinalLevel_NuMu_NuGenCCNC.022646.000000.i3.zst
Len of pulse frames 1
Length of meta frames 1
Event counts= 382
Processing file 2/959: /mnt/research/IceCube/Gupta-Reco/22646/0000000-0000999/FinalLevel_NuMu_NuGenCCNC.022646.000001.i3.zst
Len of pulse frames 2
Length of meta frames 2
Event counts= 356
Processing file 3/959: /mnt/research/IceCube/Gupta-Reco/22646/0000000-0000999/FinalLevel_NuMu_NuGenCCNC.022646.000003.i3.zst
Len of pulse frames 3
Length of meta frames 3
Event counts= 375
Processing file 4/959: /mnt/research/IceCube/Gupta-Reco/22646/0000000-0000999/FinalLevel_NuMu_NuGenCCNC.022646.000004.i3.zst
Len of pulse frames 4
Length of meta frames 4
Event counts= 371
Processing file 5/959: /mnt/research/IceCube/Gupta-Reco/22646/0000000-0000999/FinalLevel_NuMu_NuGenCCNC.022646.000005.i3.zst
Len of pulse frames 5
Length of meta frames 5
Event counts= 368
Processing file 6/959: /mnt/research/IceCube/Gupta-Reco/22646/0000000-0000999/FinalLevel_NuMu_NuGenCCNC.022646.000006.i3.zst
Len of pulse frames 6
Length of meta frames 6
Event counts= 361
Processing file 7/959: /mnt/research/IceCube/Gupta-Reco/22646/0000000-0000999/FinalLevel_NuMu_NuGenCCNC.022646.000007.i3.zst
Len of pulse frames 7
Length of meta frames 7
Event counts= 382
Processing file 8/959: /mnt/research/IceCube/Gupta-Reco/22646/0000000-0000999/FinalLevel_NuMu_NuGenCCNC.022646.000008.i3.zst
Len of pulse frames 8
Length of meta frames 8
Event counts= 373
Processing file 9/959: /mnt/research/IceCube/Gupta-Reco/22646/0000000-0000999/FinalLevel_NuMu_NuGenCCNC.022646.000009.i3.zst
Len of pulse frames 9
Length of meta frames 9
Event counts= 358
Processing file 10/959: /mnt/research/IceCube/Gupta-Reco/22646/0000000-0000999/FinalLevel_NuMu_NuGenCCNC.022646.000010.i3.zst
Len of pulse frames 10
Length of meta frames 10
Event counts= 357
Processing file 11/959: /mnt/research/IceCube/Gupta-Reco/22646/0000000-0000999/FinalLevel_NuMu_NuGenCCNC.022646.000011.i3.zst
Len of pulse frames 11
Length of meta frames 11
Event counts= 363
Processing file 12/959: /mnt/research/IceCube/Gupta-Reco/22646/0000000-0000999/FinalLevel_NuMu_NuGenCCNC.022646.000012.i3.zst
Len of pulse frames 12
Length of meta frames 12
Event counts= 400
Processing file 13/959: /mnt/research/IceCube/Gupta-Reco/22646/0000000-0000999/FinalLevel_NuMu_NuGenCCNC.022646.000013.i3.zst
Len of pulse frames 13
Length of meta frames 13
Event counts= 377
Processing file 14/959: /mnt/research/IceCube/Gupta-Reco/22646/0000000-0000999/FinalLevel_NuMu_NuGenCCNC.022646.000014.i3.zst
Len of pulse frames 14
Length of meta frames 14
Event counts= 392
Processing file 15/959: /mnt/research/IceCube/Gupta-Reco/22646/0000000-0000999/FinalLevel_NuMu_NuGenCCNC.022646.000016.i3.zst
Len of pulse frames 15
Length of meta frames 15
Event counts= 377
Processing file 16/959: /mnt/research/IceCube/Gupta-Reco/22646/0000000-0000999/FinalLevel_NuMu_NuGenCCNC.022646.000017.i3.zst
Len of pulse frames 16
Length of meta frames 16
Event counts= 378
Processing file 17/959: /mnt/research/IceCube/Gupta-Reco/22646/0000000-0000999/FinalLevel_NuMu_NuGenCCNC.022646.000019.i3.zst
Len of pulse frames 17
Length of meta frames 17
Event counts= 386
Processing file 18/959: /mnt/research/IceCube/Gupta-Reco/22646/0000000-0000999/FinalLevel_NuMu_NuGenCCNC.022646.000020.i3.zst
Len of pulse frames 18
Length of meta frames 18
Event counts= 376
Processing file 19/959: /mnt/research/IceCube/Gupta-Reco/22646/0000000-0000999/FinalLevel_NuMu_NuGenCCNC.022646.000021.i3.zst
Len of pulse frames 19
Length of meta frames 19
Event counts= 386
Processing file 20/959: /mnt/research/IceCube/Gupta-Reco/22646/0000000-0000999/FinalLevel_NuMu_NuGenCCNC.022646.000022.i3.zst
Len of pulse frames 20
Length of meta frames 20
Event counts= 384
Processing file 21/959: /mnt/research/IceCube/Gupta-Reco/22646/0000000-0000999/FinalLevel_NuMu_NuGenCCNC.022646.000023.i3.zst
Len of pulse frames 21
Length of meta frames 21
Event counts= 345
Processing file 22/959: /mnt/research/IceCube/Gupta-Reco/22646/0000000-0000999/FinalLevel_NuMu_NuGenCCNC.022646.000024.i3.zst
Len of pulse frames 22
Length of meta frames 22
Event counts= 379
Processing file 23/959: /mnt/research/IceCube/Gupta-Reco/22646/0000000-0000999/FinalLevel_NuMu_NuGenCCNC.022646.000025.i3.zst
Len of pulse frames 23
Length of meta frames 23
Event counts= 391
Processing file 24/959: /mnt/research/IceCube/Gupta-Reco/22646/0000000-0000999/FinalLevel_NuMu_NuGenCCNC.022646.000026.i3.zst
Len of pulse frames 24
Length of meta frames 24
Event counts= 360
Processing file 25/959: /mnt/research/IceCube/Gupta-Reco/22646/0000000-0000999/FinalLevel_NuMu_NuGenCCNC.022646.000027.i3.zst
Len of pulse frames 25
Length of meta frames 25
Event counts= 378
Processing file 26/959: /mnt/research/IceCube/Gupta-Reco/22646/0000000-0000999/FinalLevel_NuMu_NuGenCCNC.022646.000028.i3.zst
Len of pulse frames 26
Length of meta frames 26
Event counts= 387
Processing file 27/959: /mnt/research/IceCube/Gupta-Reco/22646/0000000-0000999/FinalLevel_NuMu_NuGenCCNC.022646.000029.i3.zst
Len of pulse frames 27
Length of meta frames 27
Event counts= 371
Processing file 28/959: /mnt/research/IceCube/Gupta-Reco/22646/0000000-0000999/FinalLevel_NuMu_NuGenCCNC.022646.000030.i3.zst
Len of pulse frames 28
Length of meta frames 28
Event counts= 372
Processing file 29/959: /mnt/research/IceCube/Gupta-Reco/22646/0000000-0000999/FinalLevel_NuMu_NuGenCCNC.022646.000031.i3.zst
Len of pulse frames 29
Length of meta frames 29
Event counts= 383
Processing file 30/959: /mnt/research/IceCube/Gupta-Reco/22646/0000000-0000999/FinalLevel_NuMu_NuGenCCNC.022646.000032.i3.zst
Len of pulse frames 30
Length of meta frames 30
Event counts= 377
Processing file 31/959: /mnt/research/IceCube/Gupta-Reco/22646/0000000-0000999/FinalLevel_NuMu_NuGenCCNC.022646.000033.i3.zst
Len of pulse frames 31
Length of meta frames 31
Event counts= 339
Processing file 32/959: /mnt/research/IceCube/Gupta-Reco/22646/0000000-0000999/FinalLevel_NuMu_NuGenCCNC.022646.000034.i3.zst
Len of pulse frames 32
Length of meta frames 32
Event counts= 357
Processing file 33/959: /mnt/research/IceCube/Gupta-Reco/22646/0000000-0000999/FinalLevel_NuMu_NuGenCCNC.022646.000035.i3.zst
Len of pulse frames 33
Length of meta frames 33
Event counts= 350
Processing file 34/959: /mnt/research/IceCube/Gupta-Reco/22646/0000000-0000999/FinalLevel_NuMu_NuGenCCNC.022646.000036.i3.zst
Len of pulse frames 34
Length of meta frames 34
Event counts= 384
Processing file 35/959: /mnt/research/IceCube/Gupta-Reco/22646/0000000-0000999/FinalLevel_NuMu_NuGenCCNC.022646.000037.i3.zst
Len of pulse frames 35
Length of meta frames 35
Event counts= 370
Processing file 36/959: /mnt/research/IceCube/Gupta-Reco/22646/0000000-0000999/FinalLevel_NuMu_NuGenCCNC.022646.000038.i3.zst
Len of pulse frames 36
Length of meta frames 36
Event counts= 361
Processing file 37/959: /mnt/research/IceCube/Gupta-Reco/22646/0000000-0000999/FinalLevel_NuMu_NuGenCCNC.022646.000039.i3.zst
Len of pulse frames 37
Length of meta frames 37
Event counts= 349
Processing file 38/959: /mnt/research/IceCube/Gupta-Reco/22646/0000000-0000999/FinalLevel_NuMu_NuGenCCNC.022646.000040.i3.zst
Len of pulse frames 38
Length of meta frames 38
Event counts= 370
Processing file 39/959: /mnt/research/IceCube/Gupta-Reco/22646/0000000-0000999/FinalLevel_NuMu_NuGenCCNC.022646.000041.i3.zst
Len of pulse frames 39
Length of meta frames 39
Event counts= 380
Processing file 40/959: /mnt/research/IceCube/Gupta-Reco/22646/0000000-0000999/FinalLevel_NuMu_NuGenCCNC.022646.000042.i3.zst
Len of pulse frames 40
Length of meta frames 40
Event counts= 367
Processing file 41/959: /mnt/research/IceCube/Gupta-Reco/22646/0000000-0000999/FinalLevel_NuMu_NuGenCCNC.022646.000043.i3.zst
Len of pulse frames 41
Length of meta frames 41
Event counts= 361
Processing file 42/959: /mnt/research/IceCube/Gupta-Reco/22646/0000000-0000999/FinalLevel_NuMu_NuGenCCNC.022646.000044.i3.zst
Len of pulse frames 42
Length of meta frames 42
Event counts= 376
NOTICE (I3Tray): I3Tray finishing... (I3Tray.cxx:526 in void I3Tray::Execute(bool, unsigned int))
NOTICE (I3Tray): I3Tray finishing... (I3Tray.cxx:526 in void I3Tray::Execute(bool, unsigned int))
NOTICE (I3Tray): I3Tray finishing... (I3Tray.cxx:526 in void I3Tray::Execute(bool, unsigned int))
NOTICE (I3Tray): I3Tray finishing... (I3Tray.cxx:526 in void I3Tray::Execute(bool, unsigned int))
NOTICE (I3Tray): I3Tray finishing... (I3Tray.cxx:526 in void I3Tray::Execute(bool, unsigned int))
ERROR (PythonFunction): Error running python function as module: (PythonFunction.cxx:170 in virtual void PythonFunction::Process())
ERROR (I3Module): framestats_0000: Exception thrown (I3Module.cxx:140 in void I3Module::Do(void (I3Module::*)()))
Processing file 43/959: /mnt/research/IceCube/Gupta-Reco/22646/0000000-0000999/FinalLevel_NuMu_NuGenCCNC.022646.000045.i3.zst
Len of pulse frames 43
Length of meta frames 43
Event counts= 331
Processing file 44/959: /mnt/research/IceCube/Gupta-Reco/22646/0000000-0000999/FinalLevel_NuMu_NuGenCCNC.022646.000046.i3.zst
Len of pulse frames 44
Length of meta frames 44
Event counts= 343
Processing file 45/959: /mnt/research/IceCube/Gupta-Reco/22646/0000000-0000999/FinalLevel_NuMu_NuGenCCNC.022646.000047.i3.zst
Len of pulse frames 45
Length of meta frames 45
Event counts= 385
Processing file 46/959: /mnt/research/IceCube/Gupta-Reco/22646/0000000-0000999/FinalLevel_NuMu_NuGenCCNC.022646.000048.i3.zst
Len of pulse frames 46
Length of meta frames 46
Event counts= 373
Processing file 47/959: /mnt/research/IceCube/Gupta-Reco/22646/0000000-0000999/FinalLevel_NuMu_NuGenCCNC.022646.000049.i3.zst
Len of pulse frames 47
Length of meta frames 47
Event counts= 361
Processing file 48/959: /mnt/research/IceCube/Gupta-Reco/22646/0000000-0000999/FinalLevel_NuMu_NuGenCCNC.022646.000050.i3.zst
Error
Not a CC interaction. Skip!
